Log file open, 03/30/20 17:38:02
LogWindows: Failed to load 'aqProf.dll' (GetLastError=126)
LogWindows: File 'aqProf.dll' does not exist
LogWindows: Failed to load 'VtuneApi.dll' (GetLastError=126)
LogWindows: File 'VtuneApi.dll' does not exist
LogWindows: Failed to load 'VtuneApi32e.dll' (GetLastError=126)
LogWindows: File 'VtuneApi32e.dll' does not exist
LogConsoleResponse: Display: Failed to find resolution value strings in scalability ini. Falling back to default.
LogInit: Display: Running engine for game: Zelda_Dungeon
LogPakFile: Registered encryption key '00000000000000000000000000000000': 0 pak files mounted, 0 remain pending
LogPlatformFile: Not using cached read wrapper
LogTaskGraph: Started task graph with 5 named threads and 35 total threads with 3 sets of task threads.
LogStats: Stats thread started at 0.376323
LogD3D11RHI: Loaded GFSDK_Aftermath_Lib.x64.dll
LogICUInternationalization: ICU TimeZone Detection - Raw Offset: -5:00, Platform Override: ''
LogPluginManager: Mounting plugin Paper2D
LogPluginManager: Mounting plugin AISupport
LogPluginManager: Mounting plugin LightPropagationVolume
LogPluginManager: Mounting plugin ActorLayerUtilities
LogPluginManager: Mounting plugin AnimationSharing
LogPluginManager: Mounting plugin CLionSourceCodeAccess
LogPluginManager: Mounting plugin CodeLiteSourceCodeAccess
LogPluginManager: Mounting plugin GitSourceControl
LogPluginManager: Mounting plugin KDevelopSourceCodeAccess
LogPluginManager: Mounting plugin NullSourceCodeAccess
LogPluginManager: Mounting plugin PerforceSourceControl
LogPluginManager: Mounting plugin SubversionSourceControl
LogPluginManager: Mounting plugin UObjectPlugin
LogPluginManager: Mounting plugin VisualStudioCodeSourceCodeAccess
LogPluginManager: Mounting plugin VisualStudioSourceCodeAccess
LogPluginManager: Mounting plugin XCodeSourceCodeAccess
LogPluginManager: Mounting plugin AssetManagerEditor
LogPluginManager: Mounting plugin CryptoKeys
LogPluginManager: Mounting plugin DataValidation
LogPluginManager: Mounting plugin FacialAnimation
LogPluginManager: Mounting plugin GameplayTagsEditor
LogPluginManager: Mounting plugin MacGraphicsSwitching
LogPluginManager: Mounting plugin MaterialAnalyzer
LogPluginManager: Mounting plugin MobileLauncherProfileWizard
LogPluginManager: Mounting plugin PluginBrowser
LogPluginManager: Mounting plugin SpeedTreeImporter
LogPluginManager: Mounting plugin DatasmithContent
LogPluginManager: Mounting plugin VariantManagerContent
LogPluginManager: Mounting plugin AlembicImporter
LogPluginManager: Mounting plugin AppleImageUtils
LogPluginManager: Mounting plugin AppleVision
LogPluginManager: Mounting plugin BackChannel
LogPluginManager: Mounting plugin CharacterAI
LogPluginManager: Mounting plugin GeometryCache
LogPluginManager: Mounting plugin HTML5Networking
LogPluginManager: Mounting plugin ProxyLODPlugin
LogPluginManager: Mounting plugin SkeletalReduction
LogPluginManager: Mounting plugin MagicLeap
LogPluginManager: Mounting plugin MagicLeapMedia
LogPluginManager: Mounting plugin AndroidMedia
LogPluginManager: Mounting plugin AvfMedia
LogPluginManager: Mounting plugin ImgMedia
LogPluginManager: Mounting plugin LinearTimecode
LogPluginManager: Mounting plugin MediaCompositing
LogPluginManager: Mounting plugin MediaPlayerEditor
LogPluginManager: Mounting plugin WebMMedia
LogPluginManager: Mounting plugin WmfMedia
LogPluginManager: Mounting plugin TcpMessaging
LogPluginManager: Mounting plugin UdpMessaging
LogPluginManager: Mounting plugin ActorSequence
LogPluginManager: Mounting plugin LevelSequenceEditor
LogPluginManager: Mounting plugin MatineeToLevelSequence
LogPluginManager: Mounting plugin NetcodeUnitTest
LogPluginManager: Mounting plugin NUTUnrealEngine4
LogPluginManager: Mounting plugin OnlineSubsystemGooglePlay
LogPluginManager: Mounting plugin OnlineSubsystemIOS
LogPluginManager: Mounting plugin OnlineSubsystem
LogPluginManager: Mounting plugin OnlineSubsystemNull
LogPluginManager: Mounting plugin OnlineSubsystemUtils
LogPluginManager: Mounting plugin LauncherChunkInstaller
LogPluginManager: Mounting plugin AndroidDeviceProfileSelector
LogPluginManager: Mounting plugin AndroidMoviePlayer
LogPluginManager: Mounting plugin AndroidPermission
LogPluginManager: Mounting plugin AppleMoviePlayer
LogPluginManager: Mounting plugin ArchVisCharacter
LogPluginManager: Mounting plugin AudioCapture
LogPluginManager: Mounting plugin CableComponent
LogPluginManager: Mounting plugin CustomMeshComponent
LogPluginManager: Mounting plugin EditableMesh
LogPluginManager: Mounting plugin ExampleDeviceProfileSelector
LogPluginManager: Mounting plugin Firebase
LogPluginManager: Mounting plugin GoogleCloudMessaging
LogPluginManager: Mounting plugin IOSDeviceProfileSelector
LogPluginManager: Mounting plugin LinuxDeviceProfileSelector
LogPluginManager: Mounting plugin LocationServicesBPLibrary
LogPluginManager: Mounting plugin MobilePatchingUtils
LogPluginManager: Mounting plugin OculusVR
LogPluginManager: Mounting plugin PhysXVehicles
LogPluginManager: Mounting plugin ProceduralMeshComponent
LogPluginManager: Mounting plugin RuntimePhysXCooking
LogPluginManager: Mounting plugin SignificanceManager
LogPluginManager: Mounting plugin SteamVR
LogPluginManager: Mounting plugin WebMMoviePlayer
LogPluginManager: Mounting plugin WindowsMoviePlayer
LogInit: Using libcurl 7.55.1-DEV
LogInit:  - built for x86_64-pc-win32
LogInit:  - supports SSL with OpenSSL/1.1.1
LogInit:  - supports HTTP deflate (compression) using libz 1.2.8
LogInit:  - other features:
LogInit:      CURL_VERSION_SSL
LogInit:      CURL_VERSION_LIBZ
LogInit:      CURL_VERSION_IPV6
LogInit:      CURL_VERSION_ASYNCHDNS
LogInit:      CURL_VERSION_LARGEFILE
LogInit:      CURL_VERSION_IDN
LogInit:  CurlRequestOptions (configurable via config and command line):
LogInit:  - bVerifyPeer = true  - Libcurl will verify peer certificate
LogInit:  - bUseHttpProxy = false  - Libcurl will NOT use HTTP proxy
LogInit:  - bDontReuseConnections = false  - Libcurl will reuse connections
LogInit:  - MaxHostConnections = 16  - Libcurl will limit the number of connections to a host
LogInit:  - LocalHostAddr = Default
LogInit:  - BufferSize = 65536
LogInit: WinSock: version 1.1 (2.2), MaxSocks=32767, MaxUdp=65467
LogInit: Build: ++UE4+Release-4.22-CL-7053642
LogInit: Engine Version: 4.22.3-7053642+++UE4+Release-4.22
LogInit: Compatible Engine Version: 4.22.0-5660361+++UE4+Release-4.22
LogInit: Net CL: 5660361
LogInit: OS: Windows 10 (Release 1909) (), CPU: AMD Ryzen 5 3600 6-Core Processor              , GPU: AMD Radeon RX 5700
LogInit: Compiled (64-bit): Jun 18 2019 03:09:11
LogInit: Compiled with Visual C++: 19.16.27025.01
LogInit: Build Configuration: Development
LogInit: Branch Name: ++UE4+Release-4.22
LogInit: Command Line: 
LogInit: Base Directory: C:/Program Files/Epic Games/UE_4.22/Engine/Binaries/Win64/
LogInit: Installed Engine Build: 1
LogDevObjectVersion: Number of dev versions registered: 23
LogDevObjectVersion:   Dev-Blueprints (B0D832E4-1F89-4F0D-ACCF-7EB736FD4AA2): 10
LogDevObjectVersion:   Dev-Build (E1C64328-A22C-4D53-A36C-8E866417BD8C): 0
LogDevObjectVersion:   Dev-Core (375EC13C-06E4-48FB-B500-84F0262A717E): 3
LogDevObjectVersion:   Dev-Editor (E4B068ED-F494-42E9-A231-DA0B2E46BB41): 30
LogDevObjectVersion:   Dev-Framework (CFFC743F-43B0-4480-9391-14DF171D2073): 35
LogDevObjectVersion:   Dev-Mobile (B02B49B5-BB20-44E9-A304-32B752E40360): 2
LogDevObjectVersion:   Dev-Networking (A4E4105C-59A1-49B5-A7C5-40C4547EDFEE): 0
LogDevObjectVersion:   Dev-Online (39C831C9-5AE6-47DC-9A44-9C173E1C8E7C): 0
LogDevObjectVersion:   Dev-Physics (78F01B33-EBEA-4F98-B9B4-84EACCB95AA2): 0
LogDevObjectVersion:   Dev-Platform (6631380F-2D4D-43E0-8009-CF276956A95A): 0
LogDevObjectVersion:   Dev-Rendering (12F88B9F-8875-4AFC-A67C-D90C383ABD29): 28
LogDevObjectVersion:   Dev-Sequencer (7B5AE74C-D270-4C10-A958-57980B212A5A): 11
LogDevObjectVersion:   Dev-VR (D7296918-1DD6-4BDD-9DE2-64A83CC13884): 2
LogDevObjectVersion:   Dev-LoadTimes (C2A15278-BFE7-4AFE-6C17-90FF531DF755): 1
LogDevObjectVersion:   Private-Geometry (6EACA3D4-40EC-4CC1-B786-8BED09428FC5): 3
LogDevObjectVersion:   Dev-AnimPhys (29E575DD-E0A3-4627-9D10-D276232CDCEA): 17
LogDevObjectVersion:   Dev-Anim (AF43A65D-7FD3-4947-9873-3E8ED9C1BB05): 2
LogDevObjectVersion:   Dev-ReflectionCapture (6B266CEC-1EC7-4B8F-A30B-E4D90942FC07): 1
LogDevObjectVersion:   Dev-Automation (0DF73D61-A23F-47EA-B727-89E90C41499A): 1
LogDevObjectVersion:   FortniteMain (601D1886-AC64-4F84-AA16-D3DE0DEAC7D6): 25
LogDevObjectVersion:   Dev-Enterprise (9DFFBCD6-494F-0158-E221-12823C92A888): 6
LogDevObjectVersion:   Dev-Niagara (F2AED0AC-9AFE-416F-8664-AA7FFA26D6FC): 1
LogDevObjectVersion:   Dev-Destruction (174F1F0B-B4C6-45A5-B13F-2EE8D0FB917D): 2
LogInit: Presizing for max 16777216 objects, including 0 objects not considered by GC, pre-allocating 0 bytes for permanent pool.
LogInit: Object subsystem initialized
LogConfig: Setting CVar [[con.DebugEarlyDefault:1]]
LogConfig: Setting CVar [[r.setres:1280x720]]
[2020.03.30-21.38.03:068][  0]LogConfig: Setting CVar [[r.VSync:0]]
[2020.03.30-21.38.03:068][  0]LogConfig: Setting CVar [[r.RHICmdBypass:0]]
[2020.03.30-21.38.03:068][  0]LogConfig: Applying CVar settings from Section [/Script/Engine.RendererSettings] File [C:/Users/Albatross/Desktop/Alberto School/Level_Design_Dungeon/Level_Design_Dungeon/Zelda_Dungeon/Saved/Config/Windows/Engine.ini]
[2020.03.30-21.38.03:068][  0]LogConfig: Setting CVar [[r.GPUCrashDebugging:0]]
[2020.03.30-21.38.03:068][  0]LogConfig: Setting CVar [[r.DefaultFeature.AutoExposure.ExtendDefaultLuminanceRange:1]]
[2020.03.30-21.38.03:068][  0]LogConfig: Applying CVar settings from Section [/Script/Engine.RendererOverrideSettings] File [C:/Users/Albatross/Desktop/Alberto School/Level_Design_Dungeon/Level_Design_Dungeon/Zelda_Dungeon/Saved/Config/Windows/Engine.ini]
[2020.03.30-21.38.03:068][  0]LogConfig: Applying CVar settings from Section [/Script/Engine.StreamingSettings] File [C:/Users/Albatross/Desktop/Alberto School/Level_Design_Dungeon/Level_Design_Dungeon/Zelda_Dungeon/Saved/Config/Windows/Engine.ini]
[2020.03.30-21.38.03:068][  0]LogConfig: Setting CVar [[s.MinBulkDataSizeForAsyncLoading:131072]]
[2020.03.30-21.38.03:068][  0]LogConfig: Setting CVar [[s.AsyncLoadingThreadEnabled:0]]
[2020.03.30-21.38.03:068][  0]LogConfig: Setting CVar [[s.EventDrivenLoaderEnabled:1]]
[2020.03.30-21.38.03:068][  0]LogConfig: Setting CVar [[s.WarnIfTimeLimitExceeded:0]]
[2020.03.30-21.38.03:068][  0]LogConfig: Setting CVar [[s.TimeLimitExceededMultiplier:1.5]]
[2020.03.30-21.38.03:068][  0]LogConfig: Setting CVar [[s.TimeLimitExceededMinTime:0.005]]
[2020.03.30-21.38.03:068][  0]LogConfig: Setting CVar [[s.UseBackgroundLevelStreaming:1]]
[2020.03.30-21.38.03:068][  0]LogConfig: Setting CVar [[s.PriorityAsyncLoadingExtraTime:15.0]]
[2020.03.30-21.38.03:068][  0]LogConfig: Setting CVar [[s.LevelStreamingActorsUpdateTimeLimit:5.0]]
[2020.03.30-21.38.03:068][  0]LogConfig: Setting CVar [[s.PriorityLevelStreamingActorsUpdateExtraTime:5.0]]
[2020.03.30-21.38.03:068][  0]LogConfig: Setting CVar [[s.LevelStreamingComponentsRegistrationGranularity:10]]
[2020.03.30-21.38.03:068][  0]LogConfig: Setting CVar [[s.UnregisterComponentsTimeLimit:1.0]]
[2020.03.30-21.38.03:068][  0]LogConfig: Setting CVar [[s.LevelStreamingComponentsUnregistrationGranularity:5]]
[2020.03.30-21.38.03:068][  0]LogConfig: Applying CVar settings from Section [/Script/Engine.GarbageCollectionSettings] File [C:/Users/Albatross/Desktop/Alberto School/Level_Design_Dungeon/Level_Design_Dungeon/Zelda_Dungeon/Saved/Config/Windows/Engine.ini]
[2020.03.30-21.38.03:068][  0]LogConfig: Setting CVar [[gc.MaxObjectsNotConsideredByGC:1]]
[2020.03.30-21.38.03:068][  0]LogConfig: Setting CVar [[gc.SizeOfPermanentObjectPool:0]]
[2020.03.30-21.38.03:068][  0]LogConfig: Setting CVar [[gc.FlushStreamingOnGC:0]]
[2020.03.30-21.38.03:068][  0]LogConfig: Setting CVar [[gc.NumRetriesBeforeForcingGC:10]]
[2020.03.30-21.38.03:068][  0]LogConfig: Setting CVar [[gc.AllowParallelGC:1]]
[2020.03.30-21.38.03:068][  0]LogConfig: Setting CVar [[gc.TimeBetweenPurgingPendingKillObjects:61.1]]
[2020.03.30-21.38.03:068][  0]LogConfig: Setting CVar [[gc.MaxObjectsInEditor:16777216]]
[2020.03.30-21.38.03:068][  0]LogConfig: Setting CVar [[gc.IncrementalBeginDestroyEnabled:1]]
[2020.03.30-21.38.03:068][  0]LogConfig: Setting CVar [[gc.CreateGCClusters:1]]
[2020.03.30-21.38.03:068][  0]LogConfig: Setting CVar [[gc.MinGCClusterSize:5]]
[2020.03.30-21.38.03:068][  0]LogConfig: Setting CVar [[gc.ActorClusteringEnabled:0]]
[2020.03.30-21.38.03:068][  0]LogConfig: Setting CVar [[gc.BlueprintClusteringEnabled:0]]
[2020.03.30-21.38.03:068][  0]LogConfig: Setting CVar [[gc.UseDisregardForGCOnDedicatedServers:0]]
[2020.03.30-21.38.03:068][  0]LogConfig: Applying CVar settings from Section [/Script/Engine.NetworkSettings] File [C:/Users/Albatross/Desktop/Alberto School/Level_Design_Dungeon/Level_Design_Dungeon/Zelda_Dungeon/Saved/Config/Windows/Engine.ini]
[2020.03.30-21.38.03:068][  0]LogConfig: Applying CVar settings from Section [/Script/UnrealEd.CookerSettings] File [C:/Users/Albatross/Desktop/Alberto School/Level_Design_Dungeon/Level_Design_Dungeon/Zelda_Dungeon/Saved/Config/Windows/Engine.ini]
[2020.03.30-21.38.03:074][  0]LogConfig: Applying CVar settings from Section [ViewDistanceQuality@3] File [C:/Users/Albatross/Desktop/Alberto School/Level_Design_Dungeon/Level_Design_Dungeon/Zelda_Dungeon/Saved/Config/Windows/Scalability.ini]
[2020.03.30-21.38.03:074][  0]LogConfig: Setting CVar [[r.SkeletalMeshLODBias:0]]
[2020.03.30-21.38.03:074][  0]LogConfig: Setting CVar [[r.ViewDistanceScale:1.0]]
[2020.03.30-21.38.03:074][  0]LogConfig: Applying CVar settings from Section [AntiAliasingQuality@3] File [C:/Users/Albatross/Desktop/Alberto School/Level_Design_Dungeon/Level_Design_Dungeon/Zelda_Dungeon/Saved/Config/Windows/Scalability.ini]
[2020.03.30-21.38.03:074][  0]LogConfig: Setting CVar [[r.PostProcessAAQuality:4]]
[2020.03.30-21.38.03:074][  0]LogConfig: Applying CVar settings from Section [ShadowQuality@3] File [C:/Users/Albatross/Desktop/Alberto School/Level_Design_Dungeon/Level_Design_Dungeon/Zelda_Dungeon/Saved/Config/Windows/Scalability.ini]
[2020.03.30-21.38.03:074][  0]LogConfig: Setting CVar [[r.LightFunctionQuality:1]]
[2020.03.30-21.38.03:074][  0]LogConfig: Setting CVar [[r.ShadowQuality:5]]
[2020.03.30-21.38.03:074][  0]LogConfig: Setting CVar [[r.Shadow.CSM.MaxCascades:10]]
[2020.03.30-21.38.03:074][  0]LogConfig: Setting CVar [[r.Shadow.MaxResolution:2048]]
[2020.03.30-21.38.03:074][  0]LogConfig: Setting CVar [[r.Shadow.MaxCSMResolution:2048]]
[2020.03.30-21.38.03:074][  0]LogConfig: Setting CVar [[r.Shadow.RadiusThreshold:0.01]]
[2020.03.30-21.38.03:074][  0]LogConfig: Setting CVar [[r.Shadow.DistanceScale:1.0]]
[2020.03.30-21.38.03:074][  0]LogConfig: Setting CVar [[r.Shadow.CSM.TransitionScale:1.0]]
[2020.03.30-21.38.03:074][  0]LogConfig: Setting CVar [[r.Shadow.PreShadowResolutionFactor:1.0]]
[2020.03.30-21.38.03:074][  0]LogConfig: Setting CVar [[r.DistanceFieldShadowing:1]]
[2020.03.30-21.38.03:074][  0]LogConfig: Setting CVar [[r.DistanceFieldAO:1]]
[2020.03.30-21.38.03:074][  0]LogConfig: Setting CVar [[r.AOQuality:2]]
[2020.03.30-21.38.03:074][  0]LogConfig: Setting CVar [[r.VolumetricFog:1]]
[2020.03.30-21.38.03:074][  0]LogConfig: Setting CVar [[r.VolumetricFog.GridPixelSize:8]]
[2020.03.30-21.38.03:074][  0]LogConfig: Setting CVar [[r.VolumetricFog.GridSizeZ:128]]
[2020.03.30-21.38.03:074][  0]LogConfig: Setting CVar [[r.VolumetricFog.HistoryMissSupersampleCount:4]]
[2020.03.30-21.38.03:074][  0]LogConfig: Setting CVar [[r.LightMaxDrawDistanceScale:1]]
[2020.03.30-21.38.03:074][  0]LogConfig: Setting CVar [[r.CapsuleShadows:1]]
[2020.03.30-21.38.03:074][  0]LogConfig: Applying CVar settings from Section [PostProcessQuality@3] File [C:/Users/Albatross/Desktop/Alberto School/Level_Design_Dungeon/Level_Design_Dungeon/Zelda_Dungeon/Saved/Config/Windows/Scalability.ini]
[2020.03.30-21.38.03:074][  0]LogConfig: Setting CVar [[r.MotionBlurQuality:4]]
[2020.03.30-21.38.03:074][  0]LogConfig: Setting CVar [[r.AmbientOcclusionMipLevelFactor:0.4]]
[2020.03.30-21.38.03:074][  0]LogConfig: Setting CVar [[r.AmbientOcclusionMaxQuality:100]]
[2020.03.30-21.38.03:074][  0]LogConfig: Setting CVar [[r.AmbientOcclusionLevels:-1]]
[2020.03.30-21.38.03:074][  0]LogConfig: Setting CVar [[r.AmbientOcclusionRadiusScale:1.0]]
[2020.03.30-21.38.03:074][  0]LogConfig: Setting CVar [[r.DepthOfFieldQuality:2]]
[2020.03.30-21.38.03:074][  0]LogConfig: Setting CVar [[r.RenderTargetPoolMin:400]]
[2020.03.30-21.38.03:074][  0]LogConfig: Setting CVar [[r.LensFlareQuality:2]]
[2020.03.30-21.38.03:074][  0]LogConfig: Setting CVar [[r.SceneColorFringeQuality:1]]
[2020.03.30-21.38.03:074][  0]LogConfig: Setting CVar [[r.EyeAdaptationQuality:2]]
[2020.03.30-21.38.03:074][  0]LogConfig: Setting CVar [[r.BloomQuality:5]]
[2020.03.30-21.38.03:074][  0]LogConfig: Setting CVar [[r.FastBlurThreshold:100]]
[2020.03.30-21.38.03:074][  0]LogConfig: Setting CVar [[r.Upscale.Quality:3]]
[2020.03.30-21.38.03:074][  0]LogConfig: Setting CVar [[r.Tonemapper.GrainQuantization:1]]
[2020.03.30-21.38.03:074][  0]LogConfig: Setting CVar [[r.LightShaftQuality:1]]
[2020.03.30-21.38.03:074][  0]LogConfig: Setting CVar [[r.Filter.SizeScale:1]]
[2020.03.30-21.38.03:074][  0]LogConfig: Setting CVar [[r.Tonemapper.Quality:5]]
[2020.03.30-21.38.03:074][  0]LogConfig: Setting CVar [[r.DOF.Gather.AccumulatorQuality:1        ; higher gathering accumulator quality]]
[2020.03.30-21.38.03:074][  0]LogConfig: Setting CVar [[r.DOF.Gather.PostfilterMethod:1          ; Median3x3 postfilering method]]
[2020.03.30-21.38.03:074][  0]LogConfig: Setting CVar [[r.DOF.Gather.EnableBokehSettings:0       ; no bokeh simulation when gathering]]
[2020.03.30-21.38.03:074][  0]LogConfig: Setting CVar [[r.DOF.Gather.RingCount:4                 ; medium number of samples when gathering]]
[2020.03.30-21.38.03:074][  0]LogConfig: Setting CVar [[r.DOF.Scatter.ForegroundCompositing:1    ; additive foreground scattering]]
[2020.03.30-21.38.03:074][  0]LogConfig: Setting CVar [[r.DOF.Scatter.BackgroundCompositing:2    ; additive background scattering]]
[2020.03.30-21.38.03:074][  0]LogConfig: Setting CVar [[r.DOF.Scatter.EnableBokehSettings:1      ; bokeh simulation when scattering]]
[2020.03.30-21.38.03:074][  0]LogConfig: Setting CVar [[r.DOF.Scatter.MaxSpriteRatio:0.1         ; only a maximum of 10% of scattered bokeh]]
[2020.03.30-21.38.03:074][  0]LogConfig: Setting CVar [[r.DOF.Recombine.Quality:1                ; cheap slight out of focus]]
[2020.03.30-21.38.03:074][  0]LogConfig: Setting CVar [[r.DOF.Recombine.EnableBokehSettings:0    ; no bokeh simulation on slight out of focus]]
[2020.03.30-21.38.03:074][  0]LogConfig: Setting CVar [[r.DOF.TemporalAAQuality:1                ; more stable temporal accumulation]]
[2020.03.30-21.38.03:074][  0]LogConfig: Setting CVar [[r.DOF.Kernel.MaxForegroundRadius:0.025]]
[2020.03.30-21.38.03:074][  0]LogConfig: Setting CVar [[r.DOF.Kernel.MaxBackgroundRadius:0.025]]
[2020.03.30-21.38.03:074][  0]LogConfig: Applying CVar settings from Section [TextureQuality@3] File [C:/Users/Albatross/Desktop/Alberto School/Level_Design_Dungeon/Level_Design_Dungeon/Zelda_Dungeon/Saved/Config/Windows/Scalability.ini]
[2020.03.30-21.38.03:074][  0]LogConfig: Setting CVar [[r.Streaming.MipBias:0]]
[2020.03.30-21.38.03:074][  0]LogConfig: Setting CVar [[r.Streaming.AmortizeCPUToGPUCopy:0]]
[2020.03.30-21.38.03:074][  0]LogConfig: Setting CVar [[r.Streaming.MaxNumTexturesToStreamPerFrame:0]]
[2020.03.30-21.38.03:074][  0]LogConfig: Setting CVar [[r.Streaming.Boost:1]]
[2020.03.30-21.38.03:074][  0]LogConfig: Setting CVar [[r.MaxAnisotropy:8]]
[2020.03.30-21.38.03:074][  0]LogConfig: Setting CVar [[r.Streaming.LimitPoolSizeToVRAM:0]]
[2020.03.30-21.38.03:074][  0]LogConfig: Setting CVar [[r.Streaming.PoolSize:1000]]
[2020.03.30-21.38.03:074][  0]LogConfig: Setting CVar [[r.Streaming.MaxEffectiveScreenSize:0]]
[2020.03.30-21.38.03:074][  0]LogConfig: Applying CVar settings from Section [EffectsQuality@3] File [C:/Users/Albatross/Desktop/Alberto School/Level_Design_Dungeon/Level_Design_Dungeon/Zelda_Dungeon/Saved/Config/Windows/Scalability.ini]
[2020.03.30-21.38.03:074][  0]LogConfig: Setting CVar [[r.TranslucencyLightingVolumeDim:64]]
[2020.03.30-21.38.03:074][  0]LogConfig: Setting CVar [[r.RefractionQuality:2]]
[2020.03.30-21.38.03:074][  0]LogConfig: Setting CVar [[r.SSR.Quality:3]]
[2020.03.30-21.38.03:074][  0]LogConfig: Setting CVar [[r.SceneColorFormat:4]]
[2020.03.30-21.38.03:074][  0]LogConfig: Setting CVar [[r.DetailMode:2]]
[2020.03.30-21.38.03:074][  0]LogConfig: Setting CVar [[r.TranslucencyVolumeBlur:1]]
[2020.03.30-21.38.03:074][  0]LogConfig: Setting CVar [[r.MaterialQualityLevel:1 ; High quality]]
[2020.03.30-21.38.03:074][  0]LogConfig: Setting CVar [[r.SSS.Scale:1]]
[2020.03.30-21.38.03:074][  0]LogConfig: Setting CVar [[r.SSS.SampleSet:2]]
[2020.03.30-21.38.03:074][  0]LogConfig: Setting CVar [[r.SSS.Quality:1]]
[2020.03.30-21.38.03:074][  0]LogConfig: Setting CVar [[r.SSS.HalfRes:1]]
[2020.03.30-21.38.03:074][  0]LogConfig: Setting CVar [[r.EmitterSpawnRateScale:1.0]]
[2020.03.30-21.38.03:074][  0]LogConfig: Setting CVar [[r.ParticleLightQuality:2]]
[2020.03.30-21.38.03:074][  0]LogConfig: Applying CVar settings from Section [FoliageQuality@3] File [C:/Users/Albatross/Desktop/Alberto School/Level_Design_Dungeon/Level_Design_Dungeon/Zelda_Dungeon/Saved/Config/Windows/Scalability.ini]
[2020.03.30-21.38.03:075][  0]LogConfig: Setting CVar [[foliage.DensityScale:1.0]]
[2020.03.30-21.38.03:075][  0]LogConfig: Setting CVar [[grass.DensityScale:1.0]]
[2020.03.30-21.38.03:075][  0]LogInit: Selected Device Profile: [Windows]
[2020.03.30-21.38.03:075][  0]LogInit: Applying CVar settings loaded from the selected device profile: [Windows]
[2020.03.30-21.38.03:087][  0]LogHAL: Display: Platform has ~ 16 GB [17128497152 / 17179869184 / 16], which maps to Larger [LargestMinGB=32, LargerMinGB=12, DefaultMinGB=8, SmallerMinGB=6, SmallestMinGB=0)
[2020.03.30-21.38.03:087][  0]LogConfig: Setting CVar [[r.Vulkan.UseRealUBs:0		; Required until we fix HLR fall-out]]
[2020.03.30-21.38.03:087][  0]LogInit: Going up to parent DeviceProfile []
[2020.03.30-21.38.03:087][  0]LogConfig: Applying CVar settings from Section [ViewDistanceQuality@3] File [C:/Users/Albatross/Desktop/Alberto School/Level_Design_Dungeon/Level_Design_Dungeon/Zelda_Dungeon/Saved/Config/Windows/Scalability.ini]
[2020.03.30-21.38.03:087][  0]LogConfig: Setting CVar [[r.SkeletalMeshLODBias:0]]
[2020.03.30-21.38.03:087][  0]LogConfig: Setting CVar [[r.ViewDistanceScale:1.0]]
[2020.03.30-21.38.03:087][  0]LogConfig: Applying CVar settings from Section [AntiAliasingQuality@3] File [C:/Users/Albatross/Desktop/Alberto School/Level_Design_Dungeon/Level_Design_Dungeon/Zelda_Dungeon/Saved/Config/Windows/Scalability.ini]
[2020.03.30-21.38.03:087][  0]LogConfig: Setting CVar [[r.PostProcessAAQuality:4]]
[2020.03.30-21.38.03:087][  0]LogConfig: Applying CVar settings from Section [ShadowQuality@3] File [C:/Users/Albatross/Desktop/Alberto School/Level_Design_Dungeon/Level_Design_Dungeon/Zelda_Dungeon/Saved/Config/Windows/Scalability.ini]
[2020.03.30-21.38.03:087][  0]LogConfig: Setting CVar [[r.LightFunctionQuality:1]]
[2020.03.30-21.38.03:087][  0]LogConfig: Setting CVar [[r.ShadowQuality:5]]
[2020.03.30-21.38.03:087][  0]LogConfig: Setting CVar [[r.Shadow.CSM.MaxCascades:10]]
[2020.03.30-21.38.03:087][  0]LogConfig: Setting CVar [[r.Shadow.MaxResolution:2048]]
[2020.03.30-21.38.03:087][  0]LogConfig: Setting CVar [[r.Shadow.MaxCSMResolution:2048]]
[2020.03.30-21.38.03:087][  0]LogConfig: Setting CVar [[r.Shadow.RadiusThreshold:0.01]]
[2020.03.30-21.38.03:087][  0]LogConfig: Setting CVar [[r.Shadow.DistanceScale:1.0]]
[2020.03.30-21.38.03:087][  0]LogConfig: Setting CVar [[r.Shadow.CSM.TransitionScale:1.0]]
[2020.03.30-21.38.03:087][  0]LogConfig: Setting CVar [[r.Shadow.PreShadowResolutionFactor:1.0]]
[2020.03.30-21.38.03:087][  0]LogConfig: Setting CVar [[r.DistanceFieldShadowing:1]]
[2020.03.30-21.38.03:087][  0]LogConfig: Setting CVar [[r.DistanceFieldAO:1]]
[2020.03.30-21.38.03:087][  0]LogConfig: Setting CVar [[r.AOQuality:2]]
[2020.03.30-21.38.03:087][  0]LogConfig: Setting CVar [[r.VolumetricFog:1]]
[2020.03.30-21.38.03:087][  0]LogConfig: Setting CVar [[r.VolumetricFog.GridPixelSize:8]]
[2020.03.30-21.38.03:087][  0]LogConfig: Setting CVar [[r.VolumetricFog.GridSizeZ:128]]
[2020.03.30-21.38.03:087][  0]LogConfig: Setting CVar [[r.VolumetricFog.HistoryMissSupersampleCount:4]]
[2020.03.30-21.38.03:087][  0]LogConfig: Setting CVar [[r.LightMaxDrawDistanceScale:1]]
[2020.03.30-21.38.03:087][  0]LogConfig: Setting CVar [[r.CapsuleShadows:1]]
[2020.03.30-21.38.03:087][  0]LogConfig: Applying CVar settings from Section [PostProcessQuality@3] File [C:/Users/Albatross/Desktop/Alberto School/Level_Design_Dungeon/Level_Design_Dungeon/Zelda_Dungeon/Saved/Config/Windows/Scalability.ini]
[2020.03.30-21.38.03:087][  0]LogConfig: Setting CVar [[r.MotionBlurQuality:4]]
[2020.03.30-21.38.03:087][  0]LogConfig: Setting CVar [[r.AmbientOcclusionMipLevelFactor:0.4]]
[2020.03.30-21.38.03:087][  0]LogConfig: Setting CVar [[r.AmbientOcclusionMaxQuality:100]]
[2020.03.30-21.38.03:087][  0]LogConfig: Setting CVar [[r.AmbientOcclusionLevels:-1]]
[2020.03.30-21.38.03:087][  0]LogConfig: Setting CVar [[r.AmbientOcclusionRadiusScale:1.0]]
[2020.03.30-21.38.03:087][  0]LogConfig: Setting CVar [[r.DepthOfFieldQuality:2]]
[2020.03.30-21.38.03:087][  0]LogConfig: Setting CVar [[r.RenderTargetPoolMin:400]]
[2020.03.30-21.38.03:087][  0]LogConfig: Setting CVar [[r.LensFlareQuality:2]]
[2020.03.30-21.38.03:087][  0]LogConfig: Setting CVar [[r.SceneColorFringeQuality:1]]
[2020.03.30-21.38.03:087][  0]LogConfig: Setting CVar [[r.EyeAdaptationQuality:2]]
[2020.03.30-21.38.03:087][  0]LogConfig: Setting CVar [[r.BloomQuality:5]]
[2020.03.30-21.38.03:087][  0]LogConfig: Setting CVar [[r.FastBlurThreshold:100]]
[2020.03.30-21.38.03:087][  0]LogConfig: Setting CVar [[r.Upscale.Quality:3]]
[2020.03.30-21.38.03:087][  0]LogConfig: Setting CVar [[r.Tonemapper.GrainQuantization:1]]
[2020.03.30-21.38.03:087][  0]LogConfig: Setting CVar [[r.LightShaftQuality:1]]
[2020.03.30-21.38.03:087][  0]LogConfig: Setting CVar [[r.Filter.SizeScale:1]]
[2020.03.30-21.38.03:087][  0]LogConfig: Setting CVar [[r.Tonemapper.Quality:5]]
[2020.03.30-21.38.03:087][  0]LogConfig: Setting CVar [[r.DOF.Gather.AccumulatorQuality:1        ; higher gathering accumulator quality]]
[2020.03.30-21.38.03:087][  0]LogConfig: Setting CVar [[r.DOF.Gather.PostfilterMethod:1          ; Median3x3 postfilering method]]
[2020.03.30-21.38.03:087][  0]LogConfig: Setting CVar [[r.DOF.Gather.EnableBokehSettings:0       ; no bokeh simulation when gathering]]
[2020.03.30-21.38.03:087][  0]LogConfig: Setting CVar [[r.DOF.Gather.RingCount:4                 ; medium number of samples when gathering]]
[2020.03.30-21.38.03:087][  0]LogConfig: Setting CVar [[r.DOF.Scatter.ForegroundCompositing:1    ; additive foreground scattering]]
[2020.03.30-21.38.03:087][  0]LogConfig: Setting CVar [[r.DOF.Scatter.BackgroundCompositing:2    ; additive background scattering]]
[2020.03.30-21.38.03:087][  0]LogConfig: Setting CVar [[r.DOF.Scatter.EnableBokehSettings:1      ; bokeh simulation when scattering]]
[2020.03.30-21.38.03:087][  0]LogConfig: Setting CVar [[r.DOF.Scatter.MaxSpriteRatio:0.1         ; only a maximum of 10% of scattered bokeh]]
[2020.03.30-21.38.03:087][  0]LogConfig: Setting CVar [[r.DOF.Recombine.Quality:1                ; cheap slight out of focus]]
[2020.03.30-21.38.03:087][  0]LogConfig: Setting CVar [[r.DOF.Recombine.EnableBokehSettings:0    ; no bokeh simulation on slight out of focus]]
[2020.03.30-21.38.03:087][  0]LogConfig: Setting CVar [[r.DOF.TemporalAAQuality:1                ; more stable temporal accumulation]]
[2020.03.30-21.38.03:087][  0]LogConfig: Setting CVar [[r.DOF.Kernel.MaxForegroundRadius:0.025]]
[2020.03.30-21.38.03:087][  0]LogConfig: Setting CVar [[r.DOF.Kernel.MaxBackgroundRadius:0.025]]
[2020.03.30-21.38.03:087][  0]LogConfig: Applying CVar settings from Section [TextureQuality@3] File [C:/Users/Albatross/Desktop/Alberto School/Level_Design_Dungeon/Level_Design_Dungeon/Zelda_Dungeon/Saved/Config/Windows/Scalability.ini]
[2020.03.30-21.38.03:087][  0]LogConfig: Setting CVar [[r.Streaming.MipBias:0]]
[2020.03.30-21.38.03:087][  0]LogConfig: Setting CVar [[r.Streaming.AmortizeCPUToGPUCopy:0]]
[2020.03.30-21.38.03:087][  0]LogConfig: Setting CVar [[r.Streaming.MaxNumTexturesToStreamPerFrame:0]]
[2020.03.30-21.38.03:087][  0]LogConfig: Setting CVar [[r.Streaming.Boost:1]]
[2020.03.30-21.38.03:087][  0]LogConfig: Setting CVar [[r.MaxAnisotropy:8]]
[2020.03.30-21.38.03:088][  0]LogConfig: Setting CVar [[r.Streaming.LimitPoolSizeToVRAM:0]]
[2020.03.30-21.38.03:088][  0]LogConfig: Setting CVar [[r.Streaming.PoolSize:1000]]
[2020.03.30-21.38.03:088][  0]LogConfig: Setting CVar [[r.Streaming.MaxEffectiveScreenSize:0]]
[2020.03.30-21.38.03:088][  0]LogConfig: Applying CVar settings from Section [EffectsQuality@3] File [C:/Users/Albatross/Desktop/Alberto School/Level_Design_Dungeon/Level_Design_Dungeon/Zelda_Dungeon/Saved/Config/Windows/Scalability.ini]
[2020.03.30-21.38.03:088][  0]LogConfig: Setting CVar [[r.TranslucencyLightingVolumeDim:64]]
[2020.03.30-21.38.03:088][  0]LogConfig: Setting CVar [[r.RefractionQuality:2]]
[2020.03.30-21.38.03:088][  0]LogConfig: Setting CVar [[r.SSR.Quality:3]]
[2020.03.30-21.38.03:088][  0]LogConfig: Setting CVar [[r.SceneColorFormat:4]]
[2020.03.30-21.38.03:088][  0]LogConfig: Setting CVar [[r.DetailMode:2]]
[2020.03.30-21.38.03:088][  0]LogConfig: Setting CVar [[r.TranslucencyVolumeBlur:1]]
[2020.03.30-21.38.03:088][  0]LogConfig: Setting CVar [[r.MaterialQualityLevel:1 ; High quality]]
[2020.03.30-21.38.03:088][  0]LogConfig: Setting CVar [[r.SSS.Scale:1]]
[2020.03.30-21.38.03:088][  0]LogConfig: Setting CVar [[r.SSS.SampleSet:2]]
[2020.03.30-21.38.03:088][  0]LogConfig: Setting CVar [[r.SSS.Quality:1]]
[2020.03.30-21.38.03:088][  0]LogConfig: Setting CVar [[r.SSS.HalfRes:1]]
[2020.03.30-21.38.03:088][  0]LogConfig: Setting CVar [[r.EmitterSpawnRateScale:1.0]]
[2020.03.30-21.38.03:088][  0]LogConfig: Setting CVar [[r.ParticleLightQuality:2]]
[2020.03.30-21.38.03:088][  0]LogConfig: Applying CVar settings from Section [FoliageQuality@3] File [C:/Users/Albatross/Desktop/Alberto School/Level_Design_Dungeon/Level_Design_Dungeon/Zelda_Dungeon/Saved/Config/Windows/Scalability.ini]
[2020.03.30-21.38.03:088][  0]LogConfig: Setting CVar [[foliage.DensityScale:1.0]]
[2020.03.30-21.38.03:088][  0]LogConfig: Setting CVar [[grass.DensityScale:1.0]]
[2020.03.30-21.38.03:088][  0]LogConfig: Applying CVar settings from Section [Startup] File [../../../Engine/Config/ConsoleVariables.ini]
[2020.03.30-21.38.03:088][  0]LogConfig: Setting CVar [[net.UseAdaptiveNetUpdateFrequency:0]]
[2020.03.30-21.38.03:088][  0]LogConfig: Setting CVar [[p.chaos.AllowCreatePhysxBodies:1]]
[2020.03.30-21.38.03:088][  0]LogConfig: Applying CVar settings from Section [ConsoleVariables] File [C:/Users/Albatross/Desktop/Alberto School/Level_Design_Dungeon/Level_Design_Dungeon/Zelda_Dungeon/Saved/Config/Windows/Engine.ini]
[2020.03.30-21.38.03:088][  0]LogInit: Computer: DESKTOP-PJ05D11
[2020.03.30-21.38.03:088][  0]LogInit: User: Albatross
[2020.03.30-21.38.03:088][  0]LogInit: CPU Page size=4096, Cores=6
[2020.03.30-21.38.03:088][  0]LogInit: High frequency timer resolution =10.000000 MHz
[2020.03.30-21.38.03:088][  0]LogMemory: Memory total: Physical=16.0GB (16GB approx)
[2020.03.30-21.38.03:088][  0]LogMemory: Platform Memory Stats for Windows
[2020.03.30-21.38.03:088][  0]LogMemory: Process Physical Memory: 100.41 MB used, 100.41 MB peak
[2020.03.30-21.38.03:088][  0]LogMemory: Process Virtual Memory: 103.28 MB used, 103.28 MB peak
[2020.03.30-21.38.03:088][  0]LogMemory: Physical Memory: 6654.87 MB used,  9680.14 MB free, 16335.01 MB total
[2020.03.30-21.38.03:088][  0]LogMemory: Virtual Memory: 4674.11 MB used,  134213056.00 MB free, 134217728.00 MB total
[2020.03.30-21.38.03:101][  0]LogInit: Using OS detected language (en-US).
[2020.03.30-21.38.03:101][  0]LogInit: Using OS detected locale (en-US).
[2020.03.30-21.38.03:102][  0]LogTextLocalizationManager: No specific localization for 'en-US' exists, so the 'en' localization will be used.
[2020.03.30-21.38.03:224][  0]LogInit: Setting process to per monitor DPI aware
[2020.03.30-21.38.03:257][  0]LogSlate: New Slate User Created.  User Index 0, Is Virtual User: 0
[2020.03.30-21.38.03:257][  0]LogSlate: Slate User Registered.  User Index 0, Is Virtual User: 0
[2020.03.30-21.38.03:389][  0]LogHMD: Failed to initialize OpenVR with code 110
[2020.03.30-21.38.03:389][  0]LogD3D11RHI: D3D11 adapters:
[2020.03.30-21.38.03:422][  0]LogD3D11RHI:    0. 'AMD Radeon RX 5700' (Feature Level 11_0)
[2020.03.30-21.38.03:422][  0]LogD3D11RHI:       8151/0/8167 MB DedicatedVideo/DedicatedSystem/SharedSystem, Outputs:2, VendorId:0x1002
[2020.03.30-21.38.03:424][  0]LogD3D11RHI:    1. 'Microsoft Basic Render Driver' (Feature Level 11_0)
[2020.03.30-21.38.03:424][  0]LogD3D11RHI:       0/0/8167 MB DedicatedVideo/DedicatedSystem/SharedSystem, Outputs:0, VendorId:0x1414
[2020.03.30-21.38.03:424][  0]LogD3D11RHI: Chosen D3D11 Adapter: 0
[2020.03.30-21.38.03:429][  0]LogD3D11RHI: Creating new Direct3DDevice
[2020.03.30-21.38.03:429][  0]LogD3D11RHI:     GPU DeviceId: 0x731f (for the marketing name, search the web for "GPU Device Id")
[2020.03.30-21.38.03:429][  0]LogWindows: EnumDisplayDevices:
[2020.03.30-21.38.03:430][  0]LogWindows:    0. 'AMD Radeon RX 5700' (P:1 D:1)
[2020.03.30-21.38.03:430][  0]LogWindows:    1. 'AMD Radeon RX 5700' (P:0 D:1)
[2020.03.30-21.38.03:430][  0]LogWindows:    2. 'AMD Radeon RX 5700' (P:0 D:0)
[2020.03.30-21.38.03:430][  0]LogWindows:    3. 'AMD Radeon RX 5700' (P:0 D:0)
[2020.03.30-21.38.03:431][  0]LogWindows:    4. 'AMD Radeon RX 5700' (P:0 D:0)
[2020.03.30-21.38.03:431][  0]LogWindows:    5. 'AMD Radeon RX 5700' (P:0 D:0)
[2020.03.30-21.38.03:431][  0]LogWindows:    6. 'AMD Radeon RX 5700' (P:0 D:0)
[2020.03.30-21.38.03:431][  0]LogWindows:    7. 'AMD Radeon RX 5700' (P:0 D:0)
[2020.03.30-21.38.03:432][  0]LogWindows: DebugString: FoundDriverCount:8 
[2020.03.30-21.38.03:432][  0]LogD3D11RHI:     Adapter Name: AMD Radeon RX 5700
[2020.03.30-21.38.03:432][  0]LogD3D11RHI:   Driver Version: Adrenalin 2020 20.1.3 (internal:26.20.15015.1007, unified:26.20.15015.1007)
[2020.03.30-21.38.03:432][  0]LogD3D11RHI:      Driver Date: 1-17-2020
[2020.03.30-21.38.03:432][  0]LogRHI: Texture pool is 5706 MB (70% of 8151 MB)
[2020.03.30-21.38.03:477][  0]LogD3D11RHI: Async texture creation enabled
[2020.03.30-21.38.03:483][  0]LogRendererCore: FGlobalReadBuffer::InitRHI
[2020.03.30-21.38.03:485][  0]LogRendererCore: FGlobalReadBuffer::InitRHI
[2020.03.30-21.38.03:485][  0]LogRendererCore: FGlobalReadBuffer::InitRHI
[2020.03.30-21.38.03:491][  0]LogD3D11RHI: GPU Timing Frequency: 100.000000 (Debug: 2 1)
[2020.03.30-21.38.03:679][  0]LogTemp: Display: Module 'AllDesktopTargetPlatform' loaded TargetPlatform 'AllDesktop'
[2020.03.30-21.38.03:692][  0]LogTemp: Display: Module 'MacClientTargetPlatform' loaded TargetPlatform 'MacClient'
[2020.03.30-21.38.03:704][  0]LogTemp: Display: Module 'MacNoEditorTargetPlatform' loaded TargetPlatform 'MacNoEditor'
[2020.03.30-21.38.03:716][  0]LogTemp: Display: Module 'MacServerTargetPlatform' loaded TargetPlatform 'MacServer'
[2020.03.30-21.38.03:729][  0]LogTemp: Display: Module 'MacTargetPlatform' loaded TargetPlatform 'Mac'
[2020.03.30-21.38.03:741][  0]LogTemp: Display: Module 'WindowsClientTargetPlatform' loaded TargetPlatform 'WindowsClient'
[2020.03.30-21.38.03:754][  0]LogTemp: Display: Module 'WindowsNoEditorTargetPlatform' loaded TargetPlatform 'WindowsNoEditor'
[2020.03.30-21.38.03:766][  0]LogTemp: Display: Module 'WindowsServerTargetPlatform' loaded TargetPlatform 'WindowsServer'
[2020.03.30-21.38.03:772][  0]LogTemp: Display: Module 'WindowsTargetPlatform' loaded TargetPlatform 'Windows'
[2020.03.30-21.38.03:848][  0]LogTemp: Display: Module 'AndroidTargetPlatform' loaded TargetPlatform 'Android'
[2020.03.30-21.38.03:848][  0]LogTemp: Display: Module 'AndroidTargetPlatform' loaded TargetPlatform 'Android_ASTC'
[2020.03.30-21.38.03:848][  0]LogTemp: Display: Module 'AndroidTargetPlatform' loaded TargetPlatform 'Android_ATC'
[2020.03.30-21.38.03:848][  0]LogTemp: Display: Module 'AndroidTargetPlatform' loaded TargetPlatform 'Android_DXT'
[2020.03.30-21.38.03:848][  0]LogTemp: Display: Module 'AndroidTargetPlatform' loaded TargetPlatform 'Android_ETC1'
[2020.03.30-21.38.03:848][  0]LogTemp: Display: Module 'AndroidTargetPlatform' loaded TargetPlatform 'Android_ETC1a'
[2020.03.30-21.38.03:848][  0]LogTemp: Display: Module 'AndroidTargetPlatform' loaded TargetPlatform 'Android_ETC2'
[2020.03.30-21.38.03:848][  0]LogTemp: Display: Module 'AndroidTargetPlatform' loaded TargetPlatform 'Android_PVRTC'
[2020.03.30-21.38.03:848][  0]LogTemp: Display: Module 'AndroidTargetPlatform' loaded TargetPlatform 'AndroidClient'
[2020.03.30-21.38.03:848][  0]LogTemp: Display: Module 'AndroidTargetPlatform' loaded TargetPlatform 'Android_ASTCClient'
[2020.03.30-21.38.03:848][  0]LogTemp: Display: Module 'AndroidTargetPlatform' loaded TargetPlatform 'Android_ATCClient'
[2020.03.30-21.38.03:848][  0]LogTemp: Display: Module 'AndroidTargetPlatform' loaded TargetPlatform 'Android_DXTClient'
[2020.03.30-21.38.03:848][  0]LogTemp: Display: Module 'AndroidTargetPlatform' loaded TargetPlatform 'Android_ETC1Client'
[2020.03.30-21.38.03:848][  0]LogTemp: Display: Module 'AndroidTargetPlatform' loaded TargetPlatform 'Android_ETC1aClient'
[2020.03.30-21.38.03:848][  0]LogTemp: Display: Module 'AndroidTargetPlatform' loaded TargetPlatform 'Android_ETC2Client'
[2020.03.30-21.38.03:848][  0]LogTemp: Display: Module 'AndroidTargetPlatform' loaded TargetPlatform 'Android_PVRTCClient'
[2020.03.30-21.38.03:848][  0]LogTemp: Display: Module 'AndroidTargetPlatform' loaded TargetPlatform 'Android_Multi'
[2020.03.30-21.38.03:848][  0]LogTemp: Display: Module 'AndroidTargetPlatform' loaded TargetPlatform 'Android_MultiClient'
[2020.03.30-21.38.03:850][  0]LogTemp: Display: Module 'HTML5TargetPlatform' loaded TargetPlatform 'HTML5'
[2020.03.30-21.38.03:896][  0]LogTemp: Display: Module 'IOSTargetPlatform' loaded TargetPlatform 'IOSClient'
[2020.03.30-21.38.03:896][  0]LogTemp: Display: Module 'IOSTargetPlatform' loaded TargetPlatform 'IOS'
[2020.03.30-21.38.03:918][  0]LogTemp: Display: Module 'TVOSTargetPlatform' loaded TargetPlatform 'TVOSClient'
[2020.03.30-21.38.03:918][  0]LogTemp: Display: Module 'TVOSTargetPlatform' loaded TargetPlatform 'TVOS'
[2020.03.30-21.38.03:929][  0]LogTemp: Display: Module 'LinuxClientTargetPlatform' loaded TargetPlatform 'LinuxClient'
[2020.03.30-21.38.03:941][  0]LogTemp: Display: Module 'LinuxNoEditorTargetPlatform' loaded TargetPlatform 'LinuxNoEditor'
[2020.03.30-21.38.03:952][  0]LogTemp: Display: Module 'LinuxServerTargetPlatform' loaded TargetPlatform 'LinuxServer'
[2020.03.30-21.38.03:963][  0]LogTemp: Display: Module 'LinuxTargetPlatform' loaded TargetPlatform 'Linux'
[2020.03.30-21.38.04:003][  0]LogTemp: Display: Module 'LuminTargetPlatform' loaded TargetPlatform 'Lumin'
[2020.03.30-21.38.04:003][  0]LogTemp: Display: Module 'LuminTargetPlatform' loaded TargetPlatform 'LuminClient'
[2020.03.30-21.38.04:003][  0]LogTargetPlatformManager: Display: Building Assets For Windows
[2020.03.30-21.38.04:011][  0]LogAudioDebug: Display: Lib vorbis DLL was dynamically loaded.
[2020.03.30-21.38.04:049][  0]LogShaderCompilers: Guid format shader working directory is -62 characters bigger than the processId version (../../../../../../Users/Albatross/Desktop/Alberto School/Level_Design_Dungeon/Level_Design_Dungeon/Zelda_Dungeon/Intermediate/Shaders/WorkingDirectory/1228/).
[2020.03.30-21.38.04:049][  0]LogShaderCompilers: Cleaned the shader compiler working directory 'C:/Users/Albatross/AppData/Local/Temp/UnrealShaderWorkingDir/A732CF6A40D0F5220469F59F742C7624/'.
[2020.03.30-21.38.04:051][  0]LogXGEController: Cleaning working directory: C:/Users/Albatross/AppData/Local/Temp/UnrealXGEWorkingDir/
[2020.03.30-21.38.04:051][  0]LogXGEController: Cannot use XGE Controller as Incredibuild is not installed on this machine.
[2020.03.30-21.38.04:051][  0]LogShaderCompilers: Cannot use XGE Shader Compiler as Incredibuild is not installed on this machine.
[2020.03.30-21.38.04:051][  0]LogShaderCompilers: Display: Using Local Shader Compiler.
[2020.03.30-21.38.04:504][  0]LogDerivedDataCache: Display: Max Cache Size: 512 MB
[2020.03.30-21.38.04:582][  0]LogDerivedDataCache: Loaded boot cache 0.08s 167MB C:/Users/Albatross/AppData/Local/UnrealEngine/4.22/DerivedDataCache/Boot.ddc.
[2020.03.30-21.38.04:582][  0]LogDerivedDataCache: Display: Loaded Boot cache: C:/Users/Albatross/AppData/Local/UnrealEngine/4.22/DerivedDataCache/Boot.ddc
[2020.03.30-21.38.04:582][  0]LogDerivedDataCache: FDerivedDataBackendGraph:  Pak pak cache file ../../../../../../Users/Albatross/Desktop/Alberto School/Level_Design_Dungeon/Level_Design_Dungeon/Zelda_Dungeon/DerivedDataCache/DDC.ddp not found, will not use a pak cache.
[2020.03.30-21.38.04:582][  0]LogDerivedDataCache: Unable to find inner node Pak for hierarchical cache Hierarchy.
[2020.03.30-21.38.04:582][  0]LogDerivedDataCache: FDerivedDataBackendGraph:  CompressedPak pak cache file ../../../../../../Users/Albatross/Desktop/Alberto School/Level_Design_Dungeon/Level_Design_Dungeon/Zelda_Dungeon/DerivedDataCache/Compressed.ddp not found, will not use a pak cache.
[2020.03.30-21.38.04:582][  0]LogDerivedDataCache: Unable to find inner node CompressedPak for hierarchical cache Hierarchy.
[2020.03.30-21.38.04:594][  0]LogDerivedDataCache: Display: Pak cache opened for reading ../../../Engine/DerivedDataCache/Compressed.ddp.
[2020.03.30-21.38.04:594][  0]LogDerivedDataCache: FDerivedDataBackendGraph:  EnterprisePak pak cache file ../../../Enterprise/DerivedDataCache/Compressed.ddp not found, will not use a pak cache.
[2020.03.30-21.38.04:594][  0]LogDerivedDataCache: Unable to find inner node EnterprisePak for hierarchical cache Hierarchy.
[2020.03.30-21.38.04:606][  0]LogDerivedDataCache: Using Local data cache path C:/Users/Albatross/AppData/Local/UnrealEngine/Common/DerivedDataCache: Writable
[2020.03.30-21.38.04:606][  0]LogDerivedDataCache: Shared data cache path not found in *engine.ini, will not use an Shared cache.
[2020.03.30-21.38.04:606][  0]LogDerivedDataCache: Unable to find inner node Shared for hierarchical cache Hierarchy.
[2020.03.30-21.38.04:625][  0]LogMaterial: Verifying Global Shaders for PCD3D_SM5
[2020.03.30-21.38.04:626][  0]LogSlate: Using FreeType 2.6.0
[2020.03.30-21.38.04:627][  0]LogSlate: SlateFontServices - WITH_FREETYPE: 1, WITH_HARFBUZZ: 1
[2020.03.30-21.38.04:700][  0]LogAssetRegistry: FAssetRegistry took 0.0323 seconds to start up
[2020.03.30-21.38.05:008][  0]LogInit: Selected Device Profile: [Windows]
[2020.03.30-21.38.05:118][  0]LogMeshReduction: Using QuadricMeshReduction for automatic static mesh reduction
[2020.03.30-21.38.05:118][  0]LogMeshReduction: Using SimplygonMeshReduction for automatic skeletal mesh reduction
[2020.03.30-21.38.05:118][  0]LogMeshReduction: Using ProxyLODMeshReduction for automatic mesh merging
[2020.03.30-21.38.05:118][  0]LogMeshReduction: No distributed automatic mesh merging module available
[2020.03.30-21.38.05:118][  0]LogMeshMerging: No distributed automatic mesh merging module available
[2020.03.30-21.38.05:125][  0]LogNetVersion: Zelda_Dungeon 1.0.0, NetCL: 5660361, EngineNetVer: 10, GameNetVer: 0 (Checksum: 331747485)
[2020.03.30-21.38.05:457][  0]LogPackageLocalizationCache: Processed 10 localized package path(s) for 1 prioritized culture(s) in 0.046583 seconds
[2020.03.30-21.38.05:462][  0]LogUObjectArray: 42205 objects as part of root set at end of initial load.
[2020.03.30-21.38.05:462][  0]LogUObjectAllocator: 7325032 out of 0 bytes used by permanent object pool.
[2020.03.30-21.38.05:462][  0]LogUObjectArray: CloseDisregardForGC: 0/0 objects in disregard for GC pool
[2020.03.30-21.38.06:107][  0]LogTcpMessaging: Initializing TcpMessaging bridge
[2020.03.30-21.38.06:120][  0]LogUdpMessaging: Initializing bridge on interface 0.0.0.0:0 to multicast group 230.0.0.1:6666.
[2020.03.30-21.38.06:214][  0]SourceControl: Source control is disabled
[2020.03.30-21.38.06:214][  0]SourceControl: Source control is disabled
[2020.03.30-21.38.06:215][  0]SourceControl: Source control is disabled
[2020.03.30-21.38.06:216][  0]SourceControl: Source control is disabled
[2020.03.30-21.38.06:276][  0]LogAndroidPermission: UAndroidPermissionCallbackProxy::GetInstance
[2020.03.30-21.38.06:345][  0]LogOcInput: OculusInput pre-init called
[2020.03.30-21.38.06:857][  0]LogEngine: Initializing Engine...
[2020.03.30-21.38.06:857][  0]LogHMD: Failed to initialize OpenVR with code 110
[2020.03.30-21.38.06:858][  0]LogStats: UGameplayTagsManager::InitializeManager -  0.000 s
[2020.03.30-21.38.07:012][  0]LogInit: Initializing FReadOnlyCVARCache
[2020.03.30-21.38.07:023][  0]LogAIModule: Creating AISystem for world Untitled
[2020.03.30-21.38.07:061][  0]LogInit: XAudio2 using 'Speakers (High Definition Audio Device)' : 2 channels at 48 kHz using 16 bits per sample (channel mask 0x3)
[2020.03.30-21.38.07:080][  0]LogInit: FAudioDevice initialized.
[2020.03.30-21.38.07:080][  0]LogNetVersion: Set ProjectVersion to 1.0.0.0. Version Checksum will be recalculated on next use.
[2020.03.30-21.38.07:194][  0]LogDerivedDataCache: Saved boot cache 0.11s 167MB C:/Users/Albatross/AppData/Local/UnrealEngine/4.22/DerivedDataCache/Boot.ddc.
[2020.03.30-21.38.07:203][  0]LogInit: Texture streaming: Enabled
[2020.03.30-21.38.07:218][  0]LogEngineSessionManager: EngineSessionManager initialized
[2020.03.30-21.38.07:235][  0]LogInit: Transaction tracking system initialized
[2020.03.30-21.38.07:253][  0]BlueprintLog: New page: Editor Load
[2020.03.30-21.38.07:320][  0]LocalizationService: Localization service is disabled
[2020.03.30-21.38.07:556][  0]LogFileCache: Scanning file cache for directory 'C:/Users/Albatross/Desktop/Alberto School/Level_Design_Dungeon/Level_Design_Dungeon/Zelda_Dungeon/Content/' took 0.01s
[2020.03.30-21.38.07:556][  0]LogCook: Display: Max memory allowance for cook 16384mb min free memory 0mb
[2020.03.30-21.38.07:556][  0]LogCook: Display: Mobile HDR setting 1
[2020.03.30-21.38.07:692][  0]SourceControl: Source control is disabled
[2020.03.30-21.38.07:693][  0]Cmd: MAP LOAD FILE="../../../Engine/Content/Maps/Templates/Template_Default.umap" TEMPLATE=1 SHOWPROGRESS=1 FEATURELEVEL=3
[2020.03.30-21.38.07:693][  0]LightingResults: New page: Lighting Build
[2020.03.30-21.38.07:695][  0]MapCheck: New page: Map Check
[2020.03.30-21.38.07:695][  0]LightingResults: New page: Lighting Build
[2020.03.30-21.38.07:722][  0]LogUObjectHash: Compacting FUObjectHashTables data took   1.50ms
[2020.03.30-21.38.07:785][  0]LogAIModule: Creating AISystem for world Untitled_1
[2020.03.30-21.38.07:789][  0]LogEditorServer: Finished looking for orphan Actors (0.000 secs)
[2020.03.30-21.38.07:815][  0]LogUObjectHash: Compacting FUObjectHashTables data took   1.77ms
[2020.03.30-21.38.07:815][  0]Cmd: MAP CHECKDEP NOCLEARLOG
[2020.03.30-21.38.07:815][  0]MapCheck: Map check complete: 0 Error(s), 0 Warning(s), took 0.163ms to complete.
[2020.03.30-21.38.07:815][  0]LogFileHelpers: Loading map 'Template_Default' took 0.123
[2020.03.30-21.38.07:916][  0]LogSlate: Updating window title bar state: overlay mode, drag disabled, window buttons hidden, title bar hidden
[2020.03.30-21.38.07:921][  0]LogSlate: Updating window title bar state: overlay mode, drag disabled, window buttons hidden, title bar hidden
[2020.03.30-21.38.07:927][  0]LogSlate: Updating window title bar state: overlay mode, drag disabled, window buttons hidden, title bar hidden
[2020.03.30-21.38.07:932][  0]LogSlate: Updating window title bar state: overlay mode, drag disabled, window buttons hidden, title bar hidden
[2020.03.30-21.38.07:936][  0]LogCollectionManager: Loaded 0 collections in 0.001309 seconds
[2020.03.30-21.38.07:962][  0]LogFileCache: Scanning file cache for directory 'C:/Users/Albatross/Desktop/Alberto School/Level_Design_Dungeon/Level_Design_Dungeon/Zelda_Dungeon/Saved/Collections/' took 0.01s
[2020.03.30-21.38.07:962][  0]LogFileCache: Scanning file cache for directory 'C:/Users/Albatross/Desktop/Alberto School/Level_Design_Dungeon/Level_Design_Dungeon/Zelda_Dungeon/Content/Developers/Albatross/Collections/' took 0.00s
[2020.03.30-21.38.07:962][  0]LogFileCache: Scanning file cache for directory 'C:/Users/Albatross/Desktop/Alberto School/Level_Design_Dungeon/Level_Design_Dungeon/Zelda_Dungeon/Content/Collections/' took 0.01s
[2020.03.30-21.38.07:962][  0]LogCollectionManager: Rebuilt the GUID cache for 0 collections in 0.000000 seconds
[2020.03.30-21.38.07:969][  0]LogContentBrowser: Native class hierarchy populated in 0.0076 seconds. Added 2732 classes and 659 folders.
[2020.03.30-21.38.07:974][  0]LogContentBrowser: Native class hierarchy updated for 'WidgetCarousel' in 0.0002 seconds. Added 0 classes and 0 folders.
[2020.03.30-21.38.07:975][  0]LogPakFile: Registered encryption key '00000000000000000000000000000000': 0 pak files mounted, 0 remain pending
[2020.03.30-21.38.07:975][  0]LogPakFile: Registered encryption key '00000000000000000000000000000000': 0 pak files mounted, 0 remain pending
[2020.03.30-21.38.07:976][  0]LogPakFile: Registered encryption key '00000000000000000000000000000000': 0 pak files mounted, 0 remain pending
[2020.03.30-21.38.07:976][  0]LogPakFile: Registered encryption key '00000000000000000000000000000000': 0 pak files mounted, 0 remain pending
[2020.03.30-21.38.07:976][  0]LogPakFile: Registered encryption key '00000000000000000000000000000000': 0 pak files mounted, 0 remain pending
[2020.03.30-21.38.07:977][  0]LogPakFile: Registered encryption key '00000000000000000000000000000000': 0 pak files mounted, 0 remain pending
[2020.03.30-21.38.07:977][  0]LogPakFile: Registered encryption key '00000000000000000000000000000000': 0 pak files mounted, 0 remain pending
[2020.03.30-21.38.07:977][  0]LogPakFile: Registered encryption key '00000000000000000000000000000000': 0 pak files mounted, 0 remain pending
[2020.03.30-21.38.07:978][  0]LogPakFile: Registered encryption key '00000000000000000000000000000000': 0 pak files mounted, 0 remain pending
[2020.03.30-21.38.07:978][  0]LogPakFile: Registered encryption key '00000000000000000000000000000000': 0 pak files mounted, 0 remain pending
[2020.03.30-21.38.07:978][  0]LogPakFile: Registered encryption key '00000000000000000000000000000000': 0 pak files mounted, 0 remain pending
[2020.03.30-21.38.07:978][  0]LogPakFile: Registered encryption key '00000000000000000000000000000000': 0 pak files mounted, 0 remain pending
[2020.03.30-21.38.07:979][  0]LogPakFile: Registered encryption key '00000000000000000000000000000000': 0 pak files mounted, 0 remain pending
[2020.03.30-21.38.07:979][  0]LogPakFile: Registered encryption key '00000000000000000000000000000000': 0 pak files mounted, 0 remain pending
[2020.03.30-21.38.07:979][  0]LogPakFile: Registered encryption key '00000000000000000000000000000000': 0 pak files mounted, 0 remain pending
[2020.03.30-21.38.07:980][  0]LogPakFile: Registered encryption key '00000000000000000000000000000000': 0 pak files mounted, 0 remain pending
[2020.03.30-21.38.07:980][  0]LogPakFile: Registered encryption key '00000000000000000000000000000000': 0 pak files mounted, 0 remain pending
[2020.03.30-21.38.07:980][  0]LogPakFile: Registered encryption key '00000000000000000000000000000000': 0 pak files mounted, 0 remain pending
[2020.03.30-21.38.07:981][  0]LogPakFile: Registered encryption key '00000000000000000000000000000000': 0 pak files mounted, 0 remain pending
[2020.03.30-21.38.07:981][  0]LogPakFile: Registered encryption key '00000000000000000000000000000000': 0 pak files mounted, 0 remain pending
[2020.03.30-21.38.07:981][  0]LogPakFile: Registered encryption key '00000000000000000000000000000000': 0 pak files mounted, 0 remain pending
[2020.03.30-21.38.07:982][  0]LogPakFile: Registered encryption key '00000000000000000000000000000000': 0 pak files mounted, 0 remain pending
[2020.03.30-21.38.07:982][  0]LogPakFile: Registered encryption key '00000000000000000000000000000000': 0 pak files mounted, 0 remain pending
[2020.03.30-21.38.07:982][  0]LogPakFile: Registered encryption key '00000000000000000000000000000000': 0 pak files mounted, 0 remain pending
[2020.03.30-21.38.07:983][  0]LogPakFile: Registered encryption key '00000000000000000000000000000000': 0 pak files mounted, 0 remain pending
[2020.03.30-21.38.07:983][  0]LogPakFile: Registered encryption key '00000000000000000000000000000000': 0 pak files mounted, 0 remain pending
[2020.03.30-21.38.08:001][  0]LogContentBrowser: Native class hierarchy updated for 'AddContentDialog' in 0.0002 seconds. Added 0 classes and 0 folders.
[2020.03.30-21.38.08:006][  0]LogContentBrowser: Native class hierarchy updated for 'SceneOutliner' in 0.0002 seconds. Added 1 classes and 2 folders.
[2020.03.30-21.38.08:018][  0]LogSlate: Took 0.000124 seconds to synchronously load lazily loaded font '../../../Engine/Content/Slate/Fonts/Roboto-Regular.ttf' (155K)
[2020.03.30-21.38.08:020][  0]LogSlate: Took 0.000128 seconds to synchronously load lazily loaded font '../../../Engine/Content/Slate/Fonts/Roboto-Bold.ttf' (160K)
[2020.03.30-21.38.08:024][  0]LogSlate: Took 0.000125 seconds to synchronously load lazily loaded font '../../../Engine/Content/Editor/Slate/Fonts/FontAwesome.ttf' (139K)
[2020.03.30-21.38.08:069][  0]LogRenderer: Reallocating scene render targets to support 1216x608 Format 10 NumSamples 1 (Frame:1).
[2020.03.30-21.38.08:337][  0]LogContentBrowser: Native class hierarchy updated for 'HierarchicalLODOutliner' in 0.0002 seconds. Added 0 classes and 0 folders.
[2020.03.30-21.38.08:337][  0]LogLoad: (Engine Initialization) Total time: 6.78 seconds
[2020.03.30-21.38.08:337][  0]LogLoad: (Engine Initialization) Total Blueprint compile time: 0.00 seconds
[2020.03.30-21.38.08:367][  0]LogAssetRegistry: Asset discovery search completed in 3.6886 seconds
[2020.03.30-21.38.08:369][  0]LogCollectionManager: Rebuilt the object cache for 0 collections in 0.000000 seconds (found 0 objects)
[2020.03.30-21.38.08:369][  0]LogCollectionManager: Fixed up redirectors for 0 collections in 0.000028 seconds (updated 0 objects)
[2020.03.30-21.38.08:369][  0]LogContentStreaming: Texture pool size now 1000 MB
[2020.03.30-21.38.08:391][  0]LogSlate: Took 0.000130 seconds to synchronously load lazily loaded font '../../../Engine/Content/Slate/Fonts/Roboto-Light.ttf' (167K)
[2020.03.30-21.38.09:545][129]LogSlate: FSceneViewport::OnFocusLost() reason 0
[2020.03.30-21.38.12:941][525]LogSlate: Took 0.000229 seconds to synchronously load lazily loaded font '../../../Engine/Content/Slate/Fonts/Roboto-Light.ttf' (167K)
[2020.03.30-21.38.12:969][525]LogLinker: Warning: Can't find file '/Game/PrototypeWeap/Textures/T_Prototype_GrenadeLauncher_D'
[2020.03.30-21.38.12:969][525]LoadErrors: Failed to load /Game/PrototypeWeap/Prototype_Pistol.Prototype_Pistol Referenced by Prototype_Pistol_GEN_VARIABLE
[2020.03.30-21.38.12:969][525]LogLinker: Warning: Can't find file for asset '/Game/PrototypeWeap/Textures/T_Prototype_GrenadeLauncher_D' while loading NULL.
[2020.03.30-21.38.12:969][525]LogLinker: Warning: Can't find file '/Game/PrototypeWeap/Textures/T_Prototype_GrenadeLauncher_M'
[2020.03.30-21.38.12:970][525]LogLinker: Warning: Can't find file for asset '/Game/PrototypeWeap/Textures/T_Prototype_GrenadeLauncher_M' while loading NULL.
[2020.03.30-21.38.12:970][525]LogLinker: Warning: Can't find file '/Game/PrototypeWeap/Textures/T_Prototype_GrenadeLauncher_N'
[2020.03.30-21.38.12:970][525]LogLinker: Warning: Can't find file for asset '/Game/PrototypeWeap/Textures/T_Prototype_GrenadeLauncher_N' while loading NULL.
[2020.03.30-21.38.12:970][525]LogLinker: Warning: Can't find file '/Game/PrototypeWeap/Textures/T_Prototype_GrenadeLauncher_D'
[2020.03.30-21.38.12:970][525]LogLinker: Warning: Can't find file for asset '/Game/PrototypeWeap/Textures/T_Prototype_GrenadeLauncher_D' while loading NULL.
[2020.03.30-21.38.12:970][525]LogLinker: Warning: Can't find file '/Game/PrototypeWeap/Textures/T_Prototype_GrenadeLauncher_M'
[2020.03.30-21.38.12:970][525]LogLinker: Warning: Can't find file for asset '/Game/PrototypeWeap/Textures/T_Prototype_GrenadeLauncher_M' while loading NULL.
[2020.03.30-21.38.12:970][525]LogLinker: Warning: Can't find file '/Game/PrototypeWeap/Textures/T_Prototype_GrenadeLauncher_N'
[2020.03.30-21.38.12:971][525]LogLinker: Warning: Can't find file for asset '/Game/PrototypeWeap/Textures/T_Prototype_GrenadeLauncher_N' while loading NULL.
[2020.03.30-21.38.12:976][525]LogLinker: Warning: Can't find file '/Game/PrototypeWeap/FX/Materials/M_Ember_01'
[2020.03.30-21.38.12:976][525]LogLinker: Warning: Can't find file for asset '/Game/PrototypeWeap/FX/Materials/M_Ember_01' while loading NULL.
[2020.03.30-21.38.12:977][525]LogLinker: Warning: Can't find file '/Game/PrototypeWeap/FX/Materials/M_Pop_01'
[2020.03.30-21.38.12:977][525]LogLinker: Warning: Can't find file for asset '/Game/PrototypeWeap/FX/Materials/M_Pop_01' while loading NULL.
[2020.03.30-21.38.12:977][525]LogLinker: Warning: Can't find file '/Game/PrototypeWeap/FX/Materials/M_SmokeSimple_01'
[2020.03.30-21.38.12:977][525]LogLinker: Warning: Can't find file for asset '/Game/PrototypeWeap/FX/Materials/M_SmokeSimple_01' while loading NULL.
[2020.03.30-21.38.12:979][525]LogLinker: Warning: Can't find file '/Game/PrototypeWeap/FX/Materials/M_Ember_01'
[2020.03.30-21.38.12:979][525]LogLinker: Warning: Can't find file for asset '/Game/PrototypeWeap/FX/Materials/M_Ember_01' while loading NULL.
[2020.03.30-21.38.12:979][525]LogLinker: Warning: Can't find file '/Game/PrototypeWeap/FX/Materials/M_Pop_01'
[2020.03.30-21.38.12:979][525]LogLinker: Warning: Can't find file for asset '/Game/PrototypeWeap/FX/Materials/M_Pop_01' while loading NULL.
[2020.03.30-21.38.12:979][525]LogLinker: Warning: Can't find file '/Game/PrototypeWeap/FX/Materials/M_SmokeSimple_01'
[2020.03.30-21.38.12:979][525]LogLinker: Warning: Can't find file for asset '/Game/PrototypeWeap/FX/Materials/M_SmokeSimple_01' while loading NULL.
[2020.03.30-21.38.13:108][525]LogLinker: Warning: Can't find file '/Game/PrototypeWeap/Textures/T_Prototype_GrenadeLauncher_M'
[2020.03.30-21.38.13:109][525]LoadErrors: Failed to load /Game/PrototypeWeap/Textures/T_Prototype_GrenadeLauncher_M.T_Prototype_GrenadeLauncher_M Referenced by MaterialExpressionTextureSampleParameter2D_13
[2020.03.30-21.38.13:109][525]LogLinker: Warning: Can't find file for asset '/Game/PrototypeWeap/Textures/T_Prototype_GrenadeLauncher_M' while loading NULL.
[2020.03.30-21.38.13:109][525]LogLinker: Warning: Can't find file '/Game/PrototypeWeap/Textures/T_Prototype_GrenadeLauncher_N'
[2020.03.30-21.38.13:109][525]LoadErrors: Failed to load /Game/PrototypeWeap/Textures/T_Prototype_GrenadeLauncher_N.T_Prototype_GrenadeLauncher_N Referenced by MaterialExpressionTextureSampleParameter2D_16
[2020.03.30-21.38.13:109][525]LogLinker: Warning: Can't find file for asset '/Game/PrototypeWeap/Textures/T_Prototype_GrenadeLauncher_N' while loading NULL.
[2020.03.30-21.38.13:109][525]LogLinker: Warning: Can't find file '/Game/PrototypeWeap/Textures/T_Prototype_GrenadeLauncher_D'
[2020.03.30-21.38.13:109][525]LoadErrors: Failed to load /Game/PrototypeWeap/Textures/T_Prototype_GrenadeLauncher_D.T_Prototype_GrenadeLauncher_D Referenced by MaterialExpressionTextureSampleParameter2D_8
[2020.03.30-21.38.13:109][525]LogLinker: Warning: Can't find file for asset '/Game/PrototypeWeap/Textures/T_Prototype_GrenadeLauncher_D' while loading NULL.
[2020.03.30-21.38.13:111][525]LogLinker: Warning: Can't find file '/Game/PrototypeWeap/FX/Materials/M_Pop_01'
[2020.03.30-21.38.13:111][525]LoadErrors: Failed to load /Game/PrototypeWeap/FX/Materials/M_Pop_01.M_Pop_01 Referenced by ParticleModuleRequired_14
[2020.03.30-21.38.13:111][525]LogLinker: Warning: Can't find file for asset '/Game/PrototypeWeap/FX/Materials/M_Pop_01' while loading NULL.
[2020.03.30-21.38.13:111][525]LogLinker: Warning: Can't find file '/Game/PrototypeWeap/FX/Materials/M_SmokeSimple_01'
[2020.03.30-21.38.13:111][525]LoadErrors: Failed to load /Game/PrototypeWeap/FX/Materials/M_SmokeSimple_01.M_SmokeSimple_01 Referenced by ParticleModuleRequired_5
[2020.03.30-21.38.13:111][525]LogLinker: Warning: Can't find file for asset '/Game/PrototypeWeap/FX/Materials/M_SmokeSimple_01' while loading NULL.
[2020.03.30-21.38.13:111][525]LogLinker: Warning: Can't find file '/Game/PrototypeWeap/FX/Materials/M_Ember_01'
[2020.03.30-21.38.13:111][525]LoadErrors: Failed to load /Game/PrototypeWeap/FX/Materials/M_Ember_01.M_Ember_01 Referenced by ParticleModuleRequired_7
[2020.03.30-21.38.13:112][525]LogLinker: Warning: Can't find file for asset '/Game/PrototypeWeap/FX/Materials/M_Ember_01' while loading NULL.
[2020.03.30-21.38.13:121][525]LogMaterial: Display: Missing cached shader map for material M_Floor3, compiling. 
[2020.03.30-21.38.13:164][525]LogMaterial: Display: Missing cached shader map for material M_Floor1, compiling. 
[2020.03.30-21.38.13:176][525]LogMaterial: Display: Missing cached shader map for material M_Floor2, compiling. 
[2020.03.30-21.38.13:188][525]LogMaterial: Display: Missing cached shader map for material M_Floor4, compiling. 
[2020.03.30-21.38.13:219][525]LogMaterial: Display: Missing cached shader map for material M_Floor6, compiling. 
[2020.03.30-21.38.13:232][525]LogMaterial: Display: Missing cached shader map for material M_Floor5, compiling. 
[2020.03.30-21.38.13:274][525]LogMaterial: Display: Missing cached shader map for material M_Master, compiling. 
[2020.03.30-21.38.13:275][525]LogMaterial: Warning: C:\Users\Albatross\Desktop\Alberto School\Level_Design_Dungeon\Level_Design_Dungeon\Zelda_Dungeon\Content\PrototypeWeap\Materials\M_Master.uasset: Failed to compile Material for platform PCD3D_SM5, Default Material will be used in game.
[2020.03.30-21.38.13:275][525]LogMaterial: 	(Node TextureSampleParameter2D) Param2D> Requires Texture2D
[2020.03.30-21.38.13:288][525]LogAIModule: Creating AISystem for world Dungeon
[2020.03.30-21.38.13:354][525]LogAssetEditorManager: Opening Asset editor for World /Game/Maps/Dungeon.Dungeon
[2020.03.30-21.38.13:387][525]LogUObjectHash: Compacting FUObjectHashTables data took   2.77ms
[2020.03.30-21.38.13:389][525]Cmd: MAP LOAD FILE="../../../../../../Users/Albatross/Desktop/Alberto School/Level_Design_Dungeon/Level_Design_Dungeon/Zelda_Dungeon/Content/Maps/Dungeon.umap" TEMPLATE=0 SHOWPROGRESS=1 FEATURELEVEL=3
[2020.03.30-21.38.13:389][525]LightingResults: New page: Lighting Build
[2020.03.30-21.38.13:389][525]LoadErrors: New page: Loading map: Dungeon.umap
[2020.03.30-21.38.13:390][525]MapCheck: New page: Map Check
[2020.03.30-21.38.13:390][525]LightingResults: New page: Lighting Build
[2020.03.30-21.38.13:422][525]LogUObjectHash: Compacting FUObjectHashTables data took   1.90ms
[2020.03.30-21.38.13:442][525]LogEditorServer: Finished looking for orphan Actors (0.000 secs)
[2020.03.30-21.38.13:494][525]LogUObjectHash: Compacting FUObjectHashTables data took   1.57ms
[2020.03.30-21.38.13:565][525]Cmd: MAP CHECKDEP NOCLEARLOG
[2020.03.30-21.38.13:570][525]MapCheck: Map check complete: 0 Error(s), 0 Warning(s), took 5.13ms to complete.
[2020.03.30-21.38.13:570][525]LogFileHelpers: Loading map 'Dungeon' took 0.183
[2020.03.30-21.38.19:199][  5]LogSlate: FSceneViewport::OnFocusLost() reason 0
[2020.03.30-21.38.31:618][472]LogEditorViewport: Clicking on Actor (LMB): StaticMeshActor (Plane)
[2020.03.30-21.38.32:885][620]LogEditorViewport: Clicking on Actor (LMB): StaticMeshActor (Plane)
[2020.03.30-21.38.45:306][989]LogSlate: FSceneViewport::OnFocusLost() reason 0
[2020.03.30-21.38.48:418][314]Cmd: CAMERA ALIGN ACTIVEVIEWPORTONLY
[2020.03.30-21.39.05:596][348]LogSlate: FSceneViewport::OnFocusLost() reason 0
[2020.03.30-21.39.15:695][551]LogSlate: FSceneViewport::OnFocusLost() reason 0
[2020.03.30-21.39.21:912][291]LogSlate: FSceneViewport::OnFocusLost() reason 0
[2020.03.30-21.39.47:438][297]LogSlate: FSceneViewport::OnFocusLost() reason 0
[2020.03.30-21.39.59:668][703]Cmd: TRANSACTION UNDO
[2020.03.30-21.39.59:668][703]LogEditorTransaction: Undo Move Actors
[2020.03.30-21.40.00:296][744]Cmd: TRANSACTION UNDO
[2020.03.30-21.40.00:296][744]LogEditorTransaction: Undo Select Brush Surface
[2020.03.30-21.40.00:754][791]Cmd: TRANSACTION UNDO
[2020.03.30-21.40.00:754][791]LogEditorTransaction: Undo Move Actors
[2020.03.30-21.40.26:726][581]Cmd: CAMERA ALIGN ACTIVEVIEWPORTONLY
[2020.03.30-21.40.39:161][ 24]LogEditorViewport: Clicking on Actor (LMB): StaticMeshActor (Sphere3)
[2020.03.30-21.40.40:324][158]LogEditorViewport: Clicking on Actor (LMB): StaticMeshActor (Sphere4)
[2020.03.30-21.40.43:518][536]LogEditorViewport: Clicking on Actor (LMB): StaticMeshActor (Cube23)
[2020.03.30-21.40.44:658][668]LogEditorViewport: Clicking on Actor (LMB): StaticMeshActor (Cube10)
[2020.03.30-21.40.45:316][743]LogEditorViewport: Clicking on Actor (LMB): StaticMeshActor (Cube10)
[2020.03.30-21.40.45:872][807]LogEditorViewport: Clicking on Actor (LMB): StaticMeshActor (Cube10)
[2020.03.30-21.40.46:367][864]LogEditorViewport: Clicking on Actor (LMB): StaticMeshActor (Cube23)
[2020.03.30-21.40.48:750][146]LogSlate: FSceneViewport::OnFocusLost() reason 0
[2020.03.30-21.41.26:146][569]LogSlate: FSceneViewport::OnFocusLost() reason 0
[2020.03.30-21.41.33:504][445]LogSlate: FSceneViewport::OnFocusLost() reason 0
[2020.03.30-21.41.45:772][888]LogSlate: FSceneViewport::OnFocusLost() reason 0
[2020.03.30-21.41.54:876][968]LogSlate: FSceneViewport::OnFocusLost() reason 0
[2020.03.30-21.42.08:622][601]LogSlate: FSceneViewport::OnFocusLost() reason 0
[2020.03.30-21.42.16:119][492]LogSlate: FSceneViewport::OnFocusLost() reason 0
[2020.03.30-21.42.31:055][239]LogSlate: FSceneViewport::OnFocusLost() reason 0
[2020.03.30-21.42.35:968][823]LogSlate: FSceneViewport::OnFocusLost() reason 0
[2020.03.30-21.42.47:453][190]LogSlate: FSceneViewport::OnFocusLost() reason 0
[2020.03.30-21.42.57:020][333]LogSlate: FSceneViewport::OnFocusLost() reason 0
[2020.03.30-21.43.02:482][981]LogSlate: FSceneViewport::OnFocusLost() reason 0
[2020.03.30-21.43.09:311][781]Cmd: CAMERA ALIGN ACTIVEVIEWPORTONLY
[2020.03.30-21.43.23:112][386]LogSlate: FSceneViewport::OnFocusLost() reason 2
[2020.03.30-21.43.35:232][803]LogSlate: FSceneViewport::OnFocusLost() reason 0
[2020.03.30-21.43.44:816][931]Cmd: CAMERA ALIGN ACTIVEVIEWPORTONLY
[2020.03.30-21.43.57:789][432]Cmd: TRANSACTION UNDO
[2020.03.30-21.43.57:789][432]LogEditorTransaction: Undo Move Actors
[2020.03.30-21.44.12:295][ 64]LogEditorViewport: Clicking on Actor (LMB): StaticMeshActor (Cube27)
[2020.03.30-21.44.13:336][183]LogEditorViewport: Clicking on Actor (CTRL LMB): StaticMeshActor (Cube29)
[2020.03.30-21.44.14:172][279]LogEditorViewport: Clicking on Actor (CTRL LMB): StaticMeshActor (Cube23)
[2020.03.30-21.44.14:633][331]LogEditorViewport: Clicking on Actor (CTRL LMB): StaticMeshActor (Cube26)
[2020.03.30-21.44.15:235][400]LogEditorViewport: Clicking on Actor (CTRL LMB): StaticMeshActor (Cube11)
[2020.03.30-21.44.15:802][465]LogEditorViewport: Clicking on Actor (CTRL LMB): StaticMeshActor (Cube14)
[2020.03.30-21.44.16:946][599]LogEditorViewport: Clicking on Actor (CTRL LMB): StaticMeshActor (Cube12)
[2020.03.30-21.44.17:733][689]LogEditorViewport: Clicking on Actor (CTRL LMB): StaticMeshActor (Sphere3)
[2020.03.30-21.44.18:410][766]LogEditorViewport: Clicking on Actor (CTRL LMB): StaticMeshActor (Sphere2)
[2020.03.30-21.44.20:106][966]LogEditorViewport: Clicking on Actor (CTRL LMB): StaticMeshActor (Sphere)
[2020.03.30-21.44.20:861][ 52]LogEditorViewport: Clicking on Actor (CTRL LMB): StaticMeshActor (Cube10)
[2020.03.30-21.44.23:079][311]LogEditorViewport: Clicking on Actor (CTRL LMB): StaticMeshActor (Cube28)
[2020.03.30-21.44.25:880][642]LogEditorViewport: Clicking on Actor (CTRL LMB): StaticMeshActor (Cube21)
[2020.03.30-21.44.26:406][701]LogEditorViewport: Clicking on Actor (CTRL LMB): StaticMeshActor (Cube24)
[2020.03.30-21.44.27:192][791]LogEditorViewport: Clicking on Actor (CTRL LMB): StaticMeshActor (Cube13)
[2020.03.30-21.44.30:917][232]LogEditorViewport: Clicking on Actor (CTRL LMB): StaticMeshActor (Cube25)
[2020.03.30-21.44.33:065][483]LogEditorViewport: Clicking on Actor (CTRL LMB): StaticMeshActor (Cube22)
[2020.03.30-21.44.35:053][712]LogEditorViewport: Clicking on Actor (CTRL LMB): StaticMeshActor (Cube24)
[2020.03.30-21.44.37:682][ 23]LogSlate: FSceneViewport::OnFocusLost() reason 0
[2020.03.30-21.44.49:730][459]LogSlate: FSceneViewport::OnFocusLost() reason 0
[2020.03.30-21.44.56:803][301]LogEditorViewport: Clicking on Actor (CTRL LMB): StaticMeshActor (Cube15)
[2020.03.30-21.45.03:646][115]LogSlate: FSceneViewport::OnFocusLost() reason 0
[2020.03.30-21.45.15:413][513]LogSlate: FSceneViewport::OnFocusLost() reason 0
[2020.03.30-21.45.33:807][714]LogSlate: FSceneViewport::OnFocusLost() reason 0
[2020.03.30-21.45.43:458][859]Cmd: TRANSACTION UNDO
[2020.03.30-21.45.43:458][859]LogEditorTransaction: Undo Regroup Ctrl+G
[2020.03.30-21.46.30:743][410]Cmd: TRANSACTION UNDO
[2020.03.30-21.46.30:743][410]LogEditorTransaction: Undo Clicking on Actors
[2020.03.30-21.46.31:319][475]Cmd: TRANSACTION UNDO
[2020.03.30-21.46.31:319][475]LogEditorTransaction: Undo Clicking on Actors
[2020.03.30-21.46.31:704][519]Cmd: TRANSACTION UNDO
[2020.03.30-21.46.31:704][519]LogEditorTransaction: Undo Clicking on Actors
[2020.03.30-21.46.32:022][555]Cmd: TRANSACTION UNDO
[2020.03.30-21.46.32:022][555]LogEditorTransaction: Undo Clicking on Actors
[2020.03.30-21.46.32:215][575]Cmd: TRANSACTION UNDO
[2020.03.30-21.46.32:215][575]LogEditorTransaction: Undo Clicking on Actors
[2020.03.30-21.46.32:383][593]Cmd: TRANSACTION UNDO
[2020.03.30-21.46.32:383][593]LogEditorTransaction: Undo Clicking on Actors
[2020.03.30-21.46.32:551][611]Cmd: TRANSACTION UNDO
[2020.03.30-21.46.32:551][611]LogEditorTransaction: Undo Clicking on Actors
[2020.03.30-21.46.32:702][627]Cmd: TRANSACTION UNDO
[2020.03.30-21.46.32:702][627]LogEditorTransaction: Undo Clicking on Actors
[2020.03.30-21.46.32:863][643]Cmd: TRANSACTION UNDO
[2020.03.30-21.46.32:863][643]LogEditorTransaction: Undo Clicking on Actors
[2020.03.30-21.46.33:037][661]Cmd: TRANSACTION UNDO
[2020.03.30-21.46.33:037][661]LogEditorTransaction: Undo Clicking on Actors
[2020.03.30-21.46.33:206][679]Cmd: TRANSACTION UNDO
[2020.03.30-21.46.33:206][679]LogEditorTransaction: Undo Clicking on Actors
[2020.03.30-21.46.33:382][697]Cmd: TRANSACTION UNDO
[2020.03.30-21.46.33:382][697]LogEditorTransaction: Undo Clicking on Actors
[2020.03.30-21.46.33:550][715]Cmd: TRANSACTION UNDO
[2020.03.30-21.46.33:550][715]LogEditorTransaction: Undo Clicking on Actors
[2020.03.30-21.46.33:741][734]Cmd: TRANSACTION UNDO
[2020.03.30-21.46.33:741][734]LogEditorTransaction: Undo Clicking on Actors
[2020.03.30-21.46.33:943][756]Cmd: TRANSACTION UNDO
[2020.03.30-21.46.33:943][756]LogEditorTransaction: Undo Clicking on Actors
[2020.03.30-21.46.34:202][785]Cmd: TRANSACTION UNDO
[2020.03.30-21.46.34:202][785]LogEditorTransaction: Undo Clicking on Actors
[2020.03.30-21.46.34:546][824]Cmd: TRANSACTION UNDO
[2020.03.30-21.46.34:546][824]LogEditorTransaction: Undo Clicking on Actors
[2020.03.30-21.46.34:855][858]Cmd: TRANSACTION UNDO
[2020.03.30-21.46.34:855][858]LogEditorTransaction: Undo Clicking on Actors
[2020.03.30-21.46.35:164][892]Cmd: TRANSACTION UNDO
[2020.03.30-21.46.35:164][892]LogEditorTransaction: Undo Clicking on Actors
[2020.03.30-21.46.35:458][924]Cmd: TRANSACTION UNDO
[2020.03.30-21.46.35:458][924]LogEditorTransaction: Undo Move Actors
[2020.03.30-21.46.35:734][953]Cmd: TRANSACTION UNDO
[2020.03.30-21.46.35:734][953]LogEditorTransaction: Undo Clicking on Actors
[2020.03.30-21.46.36:002][981]Cmd: TRANSACTION UNDO
[2020.03.30-21.46.36:002][981]LogEditorTransaction: Undo Clicking on Actors
[2020.03.30-21.46.36:295][ 13]Cmd: TRANSACTION UNDO
[2020.03.30-21.46.36:295][ 13]LogEditorTransaction: Undo Clicking on Actors
[2020.03.30-21.46.36:595][ 46]Cmd: TRANSACTION UNDO
[2020.03.30-21.46.36:595][ 46]LogEditorTransaction: Undo Clicking on Actors
[2020.03.30-21.46.36:830][ 71]Cmd: TRANSACTION UNDO
[2020.03.30-21.46.36:830][ 71]LogEditorTransaction: Undo Clicking on Actors
[2020.03.30-21.46.37:114][102]Cmd: TRANSACTION UNDO
[2020.03.30-21.46.37:114][102]LogEditorTransaction: Undo Clicking on Actors
[2020.03.30-21.46.37:366][129]Cmd: TRANSACTION UNDO
[2020.03.30-21.46.37:366][129]LogEditorTransaction: Undo Clicking on Actors
[2020.03.30-21.46.37:566][150]Cmd: TRANSACTION UNDO
[2020.03.30-21.46.37:566][150]LogEditorTransaction: Undo Clicking on Actors
[2020.03.30-21.46.37:774][172]Cmd: TRANSACTION UNDO
[2020.03.30-21.46.37:774][172]LogEditorTransaction: Undo Clicking on Actors
[2020.03.30-21.46.37:958][191]Cmd: TRANSACTION UNDO
[2020.03.30-21.46.37:958][191]LogEditorTransaction: Undo Clicking on Actors
[2020.03.30-21.46.38:217][219]Cmd: TRANSACTION UNDO
[2020.03.30-21.46.38:217][219]LogEditorTransaction: Undo Clicking on Actors
[2020.03.30-21.46.38:426][241]Cmd: TRANSACTION UNDO
[2020.03.30-21.46.38:426][241]LogEditorTransaction: Undo Clicking on Actors
[2020.03.30-21.46.38:602][259]Cmd: TRANSACTION UNDO
[2020.03.30-21.46.38:602][259]LogEditorTransaction: Undo Move Actors
[2020.03.30-21.46.38:774][276]Cmd: TRANSACTION UNDO
[2020.03.30-21.46.38:774][276]LogEditorTransaction: Undo Clicking on Actors
[2020.03.30-21.46.39:058][306]Cmd: TRANSACTION UNDO
[2020.03.30-21.46.39:058][306]LogEditorTransaction: Undo Clicking on Actors
[2020.03.30-21.46.39:572][364]Cmd: TRANSACTION UNDO
[2020.03.30-21.46.39:572][364]LogEditorTransaction: Undo Move Actors
[2020.03.30-21.46.42:755][681]LogSlate: FSceneViewport::OnFocusLost() reason 0
[2020.03.30-21.46.53:617][941]LogSlate: FSceneViewport::OnFocusLost() reason 0
[2020.03.30-21.47.02:654][ 16]LogConsoleManager: Warning: Console object named 'ActorComponents.Enable' already exists but is being registered again, but we weren't expected it to be! (FConsoleManager::AddConsoleObject)
[2020.03.30-21.49.06:364][832]LogEditorViewport: Clicking on Actor (LMB): Actor (Actor)
[2020.03.30-21.49.07:688][987]Cmd: DELETE
[2020.03.30-21.49.07:688][987]Cmd: ACTOR DELETE
[2020.03.30-21.49.07:701][987]LogEditorActor: Deleted Actor: Actor
[2020.03.30-21.49.07:728][987]LogUObjectHash: Compacting FUObjectHashTables data took   1.59ms
[2020.03.30-21.49.07:728][987]LogEditorActor: Deleted 1 Actors (0.039 secs)
[2020.03.30-21.49.18:400][250]LogEditorViewport: Clicking on Actor (CTRL LMB): NavMeshBoundsVolume (NavMeshBoundsVolume2)
[2020.03.30-21.49.25:122][ 40]LogSlate: FSceneViewport::OnFocusLost() reason 0
[2020.03.30-21.49.35:702][277]LogEditorViewport: Clicking on Actor (CTRL LMB): StaticMeshActor (Plane)
[2020.03.30-21.49.40:197][768]LogEditorViewport: Clicking on Actor (LMB): StaticMeshActor (Plane)
[2020.03.30-21.49.41:242][889]LogEditorViewport: Clicking on Actor (LMB): NavMeshBoundsVolume (NavMeshBoundsVolume2)
[2020.03.30-21.49.46:058][460]LogSlate: FSceneViewport::OnFocusLost() reason 0
[2020.03.30-21.49.50:397][973]LogSlate: FSceneViewport::OnFocusLost() reason 0
[2020.03.30-21.49.51:164][ 61]LogConsoleManager: Warning: Console object named 'ActorComponents.Enable' already exists but is being registered again, but we weren't expected it to be! (FConsoleManager::AddConsoleObject)
[2020.03.30-21.50.19:686][376]LogSlate: FSceneViewport::OnFocusLost() reason 0
[2020.03.30-21.50.34:054][ 30]Cmd: CAMERA ALIGN ACTIVEVIEWPORTONLY
[2020.03.30-21.50.40:208][733]LogSlate: FSceneViewport::OnFocusLost() reason 0
[2020.03.30-21.50.44:851][279]Cmd: CAMERA ALIGN ACTIVEVIEWPORTONLY
[2020.03.30-21.50.48:708][724]LogSlate: FSceneViewport::OnFocusLost() reason 0
[2020.03.30-21.50.57:442][767]Cmd: CAMERA ALIGN ACTIVEVIEWPORTONLY
[2020.03.30-21.51.08:553][ 87]LogSlate: FSceneViewport::OnFocusLost() reason 0
[2020.03.30-21.51.14:157][756]Cmd: CAMERA ALIGN ACTIVEVIEWPORTONLY
[2020.03.30-21.51.22:928][773]LogSlate: FSceneViewport::OnFocusLost() reason 0
[2020.03.30-21.51.34:634][173]Cmd: CAMERA ALIGN ACTIVEVIEWPORTONLY
[2020.03.30-21.51.42:310][ 85]LogSlate: FSceneViewport::OnFocusLost() reason 0
[2020.03.30-21.51.42:588][117]Cmd: CAMERA ALIGN ACTIVEVIEWPORTONLY
[2020.03.30-21.52.06:541][921]LogEditorViewport: Clicking on Actor (CTRL LMB): StaticMeshActor (Cube)
[2020.03.30-21.52.10:760][418]LogEditorViewport: Clicking on Actor (CTRL LMB): StaticMeshActor (Cube4)
[2020.03.30-21.52.11:334][483]LogEditorViewport: Clicking on Actor (CTRL LMB): StaticMeshActor (Cube5)
[2020.03.30-21.52.11:942][552]LogEditorViewport: Clicking on Actor (CTRL LMB): StaticMeshActor (Cube3)
[2020.03.30-21.52.14:001][791]LogEditorViewport: Clicking on Actor (CTRL LMB): StaticMeshActor (Cube2)
[2020.03.30-21.52.16:282][ 44]LogEditorViewport: Clicking on Actor (CTRL LMB): StaticMeshActor (Cube6)
[2020.03.30-21.52.20:658][565]LogEditorViewport: Clicking on Actor (CTRL LMB): StaticMeshActor (Cube20)
[2020.03.30-21.52.21:993][722]LogEditorViewport: Clicking on Actor (CTRL LMB): StaticMeshActor (Cube17)
[2020.03.30-21.52.23:747][927]LogEditorViewport: Clicking on Actor (CTRL LMB): StaticMeshActor (Cube38)
[2020.03.30-21.52.25:133][ 89]LogEditorViewport: Clicking on Actor (CTRL LMB): MyConveyerVolume_C (MyConveyerVolume5)
[2020.03.30-21.52.26:835][288]LogEditorViewport: Clicking on Actor (CTRL LMB): StaticMeshActor (Cube39)
[2020.03.30-21.52.32:535][965]LogEditorViewport: Clicking on Actor (CTRL LMB): StaticMeshActor (Cube16)
[2020.03.30-21.52.38:006][618]LogSlate: FSceneViewport::OnFocusLost() reason 0
[2020.03.30-21.52.47:770][783]LogSlate: FSceneViewport::OnFocusLost() reason 0
[2020.03.30-21.53.09:161][333]LogSlate: FSceneViewport::OnFocusLost() reason 0
[2020.03.30-21.53.13:203][817]Cmd: CAMERA ALIGN ACTIVEVIEWPORTONLY
[2020.03.30-21.53.18:137][388]LogSlate: FSceneViewport::OnFocusLost() reason 0
[2020.03.30-21.53.33:269][201]Cmd: CAMERA ALIGN ACTIVEVIEWPORTONLY
[2020.03.30-21.53.35:155][426]Cmd: CAMERA ALIGN ACTIVEVIEWPORTONLY
[2020.03.30-21.53.48:149][953]LogSlate: FSceneViewport::OnFocusLost() reason 0
[2020.03.30-21.54.10:227][586]LogSlate: FSceneViewport::OnFocusLost() reason 0
[2020.03.30-21.54.51:447][523]LogSlate: FSceneViewport::OnFocusLost() reason 0
[2020.03.30-21.55.02:708][860]Cmd: CAMERA ALIGN ACTIVEVIEWPORTONLY
[2020.03.30-21.55.12:189][960]LogSlate: FSceneViewport::OnFocusLost() reason 0
[2020.03.30-21.55.14:910][282]LogSlate: FSceneViewport::OnFocusLost() reason 0
[2020.03.30-21.55.18:547][709]LogSlate: FSceneViewport::OnFocusLost() reason 0
[2020.03.30-21.55.21:544][ 59]LogSlate: FSceneViewport::OnFocusLost() reason 0
[2020.03.30-21.55.22:156][131]Cmd: CAMERA ALIGN ACTIVEVIEWPORTONLY
[2020.03.30-21.57.10:809][131]Cmd: CAMERA ALIGN ACTIVEVIEWPORTONLY
[2020.03.30-21.57.14:643][577]LogSlate: FSceneViewport::OnFocusLost() reason 0
[2020.03.30-21.57.19:059][103]Cmd: CAMERA ALIGN ACTIVEVIEWPORTONLY
[2020.03.30-21.57.24:721][767]LogSlate: FSceneViewport::OnFocusLost() reason 0
[2020.03.30-21.57.27:518][ 97]Cmd: CAMERA ALIGN ACTIVEVIEWPORTONLY
[2020.03.30-21.57.35:655][ 67]LogSlate: FSceneViewport::OnFocusLost() reason 0
[2020.03.30-21.57.55:369][239]LogSlate: FSceneViewport::OnFocusLost() reason 0
[2020.03.30-21.57.55:483][248]LogUObjectHash: Compacting FUObjectHashTables data took   1.67ms
[2020.03.30-21.57.55:898][248]LogSavePackage: Moving '../../../../../../Users/Albatross/Desktop/Alberto School/Level_Design_Dungeon/Level_Design_Dungeon/Zelda_Dungeon/Saved/Dungeon99FB338644FB87A9A519689931916946.tmp' to '../../../../../../Users/Albatross/Desktop/Alberto School/Level_Design_Dungeon/Level_Design_Dungeon/Zelda_Dungeon/Content/Maps/Dungeon.umap'
