Log file open, 02/23/20 10:18:46
LogWindows: Failed to load 'aqProf.dll' (GetLastError=126)
LogWindows: File 'aqProf.dll' does not exist
LogWindows: Failed to load 'VtuneApi.dll' (GetLastError=126)
LogWindows: File 'VtuneApi.dll' does not exist
LogWindows: Failed to load 'VtuneApi32e.dll' (GetLastError=126)
LogWindows: File 'VtuneApi32e.dll' does not exist
LogConsoleResponse: Display: Failed to find resolution value strings in scalability ini. Falling back to default.
LogInit: Display: Running engine for game: Zelda_Dungeon
LogPakFile: Registered encryption key '00000000000000000000000000000000': 0 pak files mounted, 0 remain pending
LogPlatformFile: Not using cached read wrapper
LogTaskGraph: Started task graph with 5 named threads and 23 total threads with 3 sets of task threads.
LogStats: Stats thread started at 0.452937
LogD3D11RHI: Loaded GFSDK_Aftermath_Lib.x64.dll
LogICUInternationalization: ICU TimeZone Detection - Raw Offset: -5:00, Platform Override: ''
LogPluginManager: Mounting plugin Paper2D
LogPluginManager: Mounting plugin AISupport
LogPluginManager: Mounting plugin LightPropagationVolume
LogPluginManager: Mounting plugin ActorLayerUtilities
LogPluginManager: Mounting plugin AnimationSharing
LogPluginManager: Mounting plugin CLionSourceCodeAccess
LogPluginManager: Mounting plugin CodeLiteSourceCodeAccess
LogPluginManager: Mounting plugin GitSourceControl
LogPluginManager: Mounting plugin KDevelopSourceCodeAccess
LogPluginManager: Mounting plugin NullSourceCodeAccess
LogPluginManager: Mounting plugin PerforceSourceControl
LogPluginManager: Mounting plugin SubversionSourceControl
LogPluginManager: Mounting plugin UObjectPlugin
LogPluginManager: Mounting plugin VisualStudioCodeSourceCodeAccess
LogPluginManager: Mounting plugin VisualStudioSourceCodeAccess
LogPluginManager: Mounting plugin XCodeSourceCodeAccess
LogPluginManager: Mounting plugin AssetManagerEditor
LogPluginManager: Mounting plugin CryptoKeys
LogPluginManager: Mounting plugin DataValidation
LogPluginManager: Mounting plugin FacialAnimation
LogPluginManager: Mounting plugin GameplayTagsEditor
LogPluginManager: Mounting plugin MacGraphicsSwitching
LogPluginManager: Mounting plugin MaterialAnalyzer
LogPluginManager: Mounting plugin MobileLauncherProfileWizard
LogPluginManager: Mounting plugin PluginBrowser
LogPluginManager: Mounting plugin SpeedTreeImporter
LogPluginManager: Mounting plugin DatasmithContent
LogPluginManager: Mounting plugin VariantManagerContent
LogPluginManager: Mounting plugin AlembicImporter
LogPluginManager: Mounting plugin AppleImageUtils
LogPluginManager: Mounting plugin AppleVision
LogPluginManager: Mounting plugin BackChannel
LogPluginManager: Mounting plugin CharacterAI
LogPluginManager: Mounting plugin GeometryCache
LogPluginManager: Mounting plugin HTML5Networking
LogPluginManager: Mounting plugin ProxyLODPlugin
LogPluginManager: Mounting plugin SkeletalReduction
LogPluginManager: Mounting plugin MagicLeap
LogPluginManager: Mounting plugin MagicLeapMedia
LogPluginManager: Mounting plugin AndroidMedia
LogPluginManager: Mounting plugin AvfMedia
LogPluginManager: Mounting plugin ImgMedia
LogPluginManager: Mounting plugin LinearTimecode
LogPluginManager: Mounting plugin MediaCompositing
LogPluginManager: Mounting plugin MediaPlayerEditor
LogPluginManager: Mounting plugin WebMMedia
LogPluginManager: Mounting plugin WmfMedia
LogPluginManager: Mounting plugin TcpMessaging
LogPluginManager: Mounting plugin UdpMessaging
LogPluginManager: Mounting plugin ActorSequence
LogPluginManager: Mounting plugin LevelSequenceEditor
LogPluginManager: Mounting plugin MatineeToLevelSequence
LogPluginManager: Mounting plugin NetcodeUnitTest
LogPluginManager: Mounting plugin NUTUnrealEngine4
LogPluginManager: Mounting plugin OnlineSubsystemGooglePlay
LogPluginManager: Mounting plugin OnlineSubsystemIOS
LogPluginManager: Mounting plugin OnlineSubsystem
LogPluginManager: Mounting plugin OnlineSubsystemNull
LogPluginManager: Mounting plugin OnlineSubsystemUtils
LogPluginManager: Mounting plugin LauncherChunkInstaller
LogPluginManager: Mounting plugin AndroidDeviceProfileSelector
LogPluginManager: Mounting plugin AndroidMoviePlayer
LogPluginManager: Mounting plugin AndroidPermission
LogPluginManager: Mounting plugin AppleMoviePlayer
LogPluginManager: Mounting plugin ArchVisCharacter
LogPluginManager: Mounting plugin AudioCapture
LogPluginManager: Mounting plugin CableComponent
LogPluginManager: Mounting plugin CustomMeshComponent
LogPluginManager: Mounting plugin EditableMesh
LogPluginManager: Mounting plugin ExampleDeviceProfileSelector
LogPluginManager: Mounting plugin Firebase
LogPluginManager: Mounting plugin GoogleCloudMessaging
LogPluginManager: Mounting plugin IOSDeviceProfileSelector
LogPluginManager: Mounting plugin LinuxDeviceProfileSelector
LogPluginManager: Mounting plugin LocationServicesBPLibrary
LogPluginManager: Mounting plugin MobilePatchingUtils
LogPluginManager: Mounting plugin OculusVR
LogPluginManager: Mounting plugin PhysXVehicles
LogPluginManager: Mounting plugin ProceduralMeshComponent
LogPluginManager: Mounting plugin RuntimePhysXCooking
LogPluginManager: Mounting plugin SignificanceManager
LogPluginManager: Mounting plugin SteamVR
LogPluginManager: Mounting plugin WebMMoviePlayer
LogPluginManager: Mounting plugin WindowsMoviePlayer
LogInit: Using libcurl 7.55.1-DEV
LogInit:  - built for x86_64-pc-win32
LogInit:  - supports SSL with OpenSSL/1.1.1
LogInit:  - supports HTTP deflate (compression) using libz 1.2.8
LogInit:  - other features:
LogInit:      CURL_VERSION_SSL
LogInit:      CURL_VERSION_LIBZ
LogInit:      CURL_VERSION_IPV6
LogInit:      CURL_VERSION_ASYNCHDNS
LogInit:      CURL_VERSION_LARGEFILE
LogInit:      CURL_VERSION_IDN
LogInit:  CurlRequestOptions (configurable via config and command line):
LogInit:  - bVerifyPeer = true  - Libcurl will verify peer certificate
LogInit:  - bUseHttpProxy = false  - Libcurl will NOT use HTTP proxy
LogInit:  - bDontReuseConnections = false  - Libcurl will reuse connections
LogInit:  - MaxHostConnections = 16  - Libcurl will limit the number of connections to a host
LogInit:  - LocalHostAddr = Default
LogInit:  - BufferSize = 65536
LogInit: WinSock: version 1.1 (2.2), MaxSocks=32767, MaxUdp=65467
LogInit: Build: ++UE4+Release-4.22-CL-7053642
LogInit: Engine Version: 4.22.3-7053642+++UE4+Release-4.22
LogInit: Compatible Engine Version: 4.22.0-5660361+++UE4+Release-4.22
LogInit: Net CL: 5660361
LogInit: OS: Windows 10 (Release 1909) (), CPU: Intel(R) Core(TM) i7-7700HQ CPU @ 2.80GHz, GPU: NVIDIA GeForce GTX 1070
LogInit: Compiled (64-bit): Jun 18 2019 03:09:11
LogInit: Compiled with Visual C++: 19.16.27025.01
LogInit: Build Configuration: Development
LogInit: Branch Name: ++UE4+Release-4.22
LogInit: Command Line:  -EpicPortal -epicusername=ReMoRse_xD -epicuserid=cd1301a7ca1040d096b32cdedd9baae1 -epiclocale=en
LogInit: Base Directory: C:/Program Files/Epic Games/UE_4.22/Engine/Binaries/Win64/
LogInit: Installed Engine Build: 1
LogDevObjectVersion: Number of dev versions registered: 23
LogDevObjectVersion:   Dev-Blueprints (B0D832E4-1F89-4F0D-ACCF-7EB736FD4AA2): 10
LogDevObjectVersion:   Dev-Build (E1C64328-A22C-4D53-A36C-8E866417BD8C): 0
LogDevObjectVersion:   Dev-Core (375EC13C-06E4-48FB-B500-84F0262A717E): 3
LogDevObjectVersion:   Dev-Editor (E4B068ED-F494-42E9-A231-DA0B2E46BB41): 30
LogDevObjectVersion:   Dev-Framework (CFFC743F-43B0-4480-9391-14DF171D2073): 35
LogDevObjectVersion:   Dev-Mobile (B02B49B5-BB20-44E9-A304-32B752E40360): 2
LogDevObjectVersion:   Dev-Networking (A4E4105C-59A1-49B5-A7C5-40C4547EDFEE): 0
LogDevObjectVersion:   Dev-Online (39C831C9-5AE6-47DC-9A44-9C173E1C8E7C): 0
LogDevObjectVersion:   Dev-Physics (78F01B33-EBEA-4F98-B9B4-84EACCB95AA2): 0
LogDevObjectVersion:   Dev-Platform (6631380F-2D4D-43E0-8009-CF276956A95A): 0
LogDevObjectVersion:   Dev-Rendering (12F88B9F-8875-4AFC-A67C-D90C383ABD29): 28
LogDevObjectVersion:   Dev-Sequencer (7B5AE74C-D270-4C10-A958-57980B212A5A): 11
LogDevObjectVersion:   Dev-VR (D7296918-1DD6-4BDD-9DE2-64A83CC13884): 2
LogDevObjectVersion:   Dev-LoadTimes (C2A15278-BFE7-4AFE-6C17-90FF531DF755): 1
LogDevObjectVersion:   Private-Geometry (6EACA3D4-40EC-4CC1-B786-8BED09428FC5): 3
LogDevObjectVersion:   Dev-AnimPhys (29E575DD-E0A3-4627-9D10-D276232CDCEA): 17
LogDevObjectVersion:   Dev-Anim (AF43A65D-7FD3-4947-9873-3E8ED9C1BB05): 2
LogDevObjectVersion:   Dev-ReflectionCapture (6B266CEC-1EC7-4B8F-A30B-E4D90942FC07): 1
LogDevObjectVersion:   Dev-Automation (0DF73D61-A23F-47EA-B727-89E90C41499A): 1
LogDevObjectVersion:   FortniteMain (601D1886-AC64-4F84-AA16-D3DE0DEAC7D6): 25
LogDevObjectVersion:   Dev-Enterprise (9DFFBCD6-494F-0158-E221-12823C92A888): 6
LogDevObjectVersion:   Dev-Niagara (F2AED0AC-9AFE-416F-8664-AA7FFA26D6FC): 1
LogDevObjectVersion:   Dev-Destruction (174F1F0B-B4C6-45A5-B13F-2EE8D0FB917D): 2
LogInit: Presizing for max 16777216 objects, including 0 objects not considered by GC, pre-allocating 0 bytes for permanent pool.
LogInit: Object subsystem initialized
LogConfig: Setting CVar [[con.DebugEarlyDefault:1]]
LogConfig: Setting CVar [[r.setres:1280x720]]
[2020.02.23-15.18.47:943][  0]LogConfig: Setting CVar [[r.VSync:0]]
[2020.02.23-15.18.47:943][  0]LogConfig: Setting CVar [[r.RHICmdBypass:0]]
[2020.02.23-15.18.47:943][  0]LogConfig: Applying CVar settings from Section [/Script/Engine.RendererSettings] File [D:/Program Files (HDD)/GitHub/Level Design Dungeon Project/Level_Design_Dungeon/Zelda_Dungeon/Saved/Config/Windows/Engine.ini]
[2020.02.23-15.18.47:943][  0]LogConfig: Setting CVar [[r.GPUCrashDebugging:0]]
[2020.02.23-15.18.47:943][  0]LogConfig: Setting CVar [[r.DefaultFeature.AutoExposure.ExtendDefaultLuminanceRange:1]]
[2020.02.23-15.18.47:943][  0]LogConfig: Applying CVar settings from Section [/Script/Engine.RendererOverrideSettings] File [D:/Program Files (HDD)/GitHub/Level Design Dungeon Project/Level_Design_Dungeon/Zelda_Dungeon/Saved/Config/Windows/Engine.ini]
[2020.02.23-15.18.47:943][  0]LogConfig: Applying CVar settings from Section [/Script/Engine.StreamingSettings] File [D:/Program Files (HDD)/GitHub/Level Design Dungeon Project/Level_Design_Dungeon/Zelda_Dungeon/Saved/Config/Windows/Engine.ini]
[2020.02.23-15.18.47:943][  0]LogConfig: Setting CVar [[s.MinBulkDataSizeForAsyncLoading:131072]]
[2020.02.23-15.18.47:943][  0]LogConfig: Setting CVar [[s.AsyncLoadingThreadEnabled:0]]
[2020.02.23-15.18.47:943][  0]LogConfig: Setting CVar [[s.EventDrivenLoaderEnabled:1]]
[2020.02.23-15.18.47:943][  0]LogConfig: Setting CVar [[s.WarnIfTimeLimitExceeded:0]]
[2020.02.23-15.18.47:943][  0]LogConfig: Setting CVar [[s.TimeLimitExceededMultiplier:1.5]]
[2020.02.23-15.18.47:943][  0]LogConfig: Setting CVar [[s.TimeLimitExceededMinTime:0.005]]
[2020.02.23-15.18.47:943][  0]LogConfig: Setting CVar [[s.UseBackgroundLevelStreaming:1]]
[2020.02.23-15.18.47:943][  0]LogConfig: Setting CVar [[s.PriorityAsyncLoadingExtraTime:15.0]]
[2020.02.23-15.18.47:943][  0]LogConfig: Setting CVar [[s.LevelStreamingActorsUpdateTimeLimit:5.0]]
[2020.02.23-15.18.47:943][  0]LogConfig: Setting CVar [[s.PriorityLevelStreamingActorsUpdateExtraTime:5.0]]
[2020.02.23-15.18.47:943][  0]LogConfig: Setting CVar [[s.LevelStreamingComponentsRegistrationGranularity:10]]
[2020.02.23-15.18.47:943][  0]LogConfig: Setting CVar [[s.UnregisterComponentsTimeLimit:1.0]]
[2020.02.23-15.18.47:943][  0]LogConfig: Setting CVar [[s.LevelStreamingComponentsUnregistrationGranularity:5]]
[2020.02.23-15.18.47:943][  0]LogConfig: Applying CVar settings from Section [/Script/Engine.GarbageCollectionSettings] File [D:/Program Files (HDD)/GitHub/Level Design Dungeon Project/Level_Design_Dungeon/Zelda_Dungeon/Saved/Config/Windows/Engine.ini]
[2020.02.23-15.18.47:943][  0]LogConfig: Setting CVar [[gc.MaxObjectsNotConsideredByGC:1]]
[2020.02.23-15.18.47:943][  0]LogConfig: Setting CVar [[gc.SizeOfPermanentObjectPool:0]]
[2020.02.23-15.18.47:943][  0]LogConfig: Setting CVar [[gc.FlushStreamingOnGC:0]]
[2020.02.23-15.18.47:943][  0]LogConfig: Setting CVar [[gc.NumRetriesBeforeForcingGC:10]]
[2020.02.23-15.18.47:943][  0]LogConfig: Setting CVar [[gc.AllowParallelGC:1]]
[2020.02.23-15.18.47:943][  0]LogConfig: Setting CVar [[gc.TimeBetweenPurgingPendingKillObjects:61.1]]
[2020.02.23-15.18.47:943][  0]LogConfig: Setting CVar [[gc.MaxObjectsInEditor:16777216]]
[2020.02.23-15.18.47:943][  0]LogConfig: Setting CVar [[gc.IncrementalBeginDestroyEnabled:1]]
[2020.02.23-15.18.47:943][  0]LogConfig: Setting CVar [[gc.CreateGCClusters:1]]
[2020.02.23-15.18.47:943][  0]LogConfig: Setting CVar [[gc.MinGCClusterSize:5]]
[2020.02.23-15.18.47:943][  0]LogConfig: Setting CVar [[gc.ActorClusteringEnabled:0]]
[2020.02.23-15.18.47:943][  0]LogConfig: Setting CVar [[gc.BlueprintClusteringEnabled:0]]
[2020.02.23-15.18.47:943][  0]LogConfig: Setting CVar [[gc.UseDisregardForGCOnDedicatedServers:0]]
[2020.02.23-15.18.47:943][  0]LogConfig: Applying CVar settings from Section [/Script/Engine.NetworkSettings] File [D:/Program Files (HDD)/GitHub/Level Design Dungeon Project/Level_Design_Dungeon/Zelda_Dungeon/Saved/Config/Windows/Engine.ini]
[2020.02.23-15.18.47:943][  0]LogConfig: Applying CVar settings from Section [/Script/UnrealEd.CookerSettings] File [D:/Program Files (HDD)/GitHub/Level Design Dungeon Project/Level_Design_Dungeon/Zelda_Dungeon/Saved/Config/Windows/Engine.ini]
[2020.02.23-15.18.47:948][  0]LogConfig: Applying CVar settings from Section [ViewDistanceQuality@3] File [D:/Program Files (HDD)/GitHub/Level Design Dungeon Project/Level_Design_Dungeon/Zelda_Dungeon/Saved/Config/Windows/Scalability.ini]
[2020.02.23-15.18.47:948][  0]LogConfig: Setting CVar [[r.SkeletalMeshLODBias:0]]
[2020.02.23-15.18.47:948][  0]LogConfig: Setting CVar [[r.ViewDistanceScale:1.0]]
[2020.02.23-15.18.47:948][  0]LogConfig: Applying CVar settings from Section [AntiAliasingQuality@3] File [D:/Program Files (HDD)/GitHub/Level Design Dungeon Project/Level_Design_Dungeon/Zelda_Dungeon/Saved/Config/Windows/Scalability.ini]
[2020.02.23-15.18.47:948][  0]LogConfig: Setting CVar [[r.PostProcessAAQuality:4]]
[2020.02.23-15.18.47:948][  0]LogConfig: Applying CVar settings from Section [ShadowQuality@3] File [D:/Program Files (HDD)/GitHub/Level Design Dungeon Project/Level_Design_Dungeon/Zelda_Dungeon/Saved/Config/Windows/Scalability.ini]
[2020.02.23-15.18.47:948][  0]LogConfig: Setting CVar [[r.LightFunctionQuality:1]]
[2020.02.23-15.18.47:948][  0]LogConfig: Setting CVar [[r.ShadowQuality:5]]
[2020.02.23-15.18.47:948][  0]LogConfig: Setting CVar [[r.Shadow.CSM.MaxCascades:10]]
[2020.02.23-15.18.47:949][  0]LogConfig: Setting CVar [[r.Shadow.MaxResolution:2048]]
[2020.02.23-15.18.47:949][  0]LogConfig: Setting CVar [[r.Shadow.MaxCSMResolution:2048]]
[2020.02.23-15.18.47:949][  0]LogConfig: Setting CVar [[r.Shadow.RadiusThreshold:0.01]]
[2020.02.23-15.18.47:949][  0]LogConfig: Setting CVar [[r.Shadow.DistanceScale:1.0]]
[2020.02.23-15.18.47:949][  0]LogConfig: Setting CVar [[r.Shadow.CSM.TransitionScale:1.0]]
[2020.02.23-15.18.47:949][  0]LogConfig: Setting CVar [[r.Shadow.PreShadowResolutionFactor:1.0]]
[2020.02.23-15.18.47:949][  0]LogConfig: Setting CVar [[r.DistanceFieldShadowing:1]]
[2020.02.23-15.18.47:949][  0]LogConfig: Setting CVar [[r.DistanceFieldAO:1]]
[2020.02.23-15.18.47:949][  0]LogConfig: Setting CVar [[r.AOQuality:2]]
[2020.02.23-15.18.47:949][  0]LogConfig: Setting CVar [[r.VolumetricFog:1]]
[2020.02.23-15.18.47:949][  0]LogConfig: Setting CVar [[r.VolumetricFog.GridPixelSize:8]]
[2020.02.23-15.18.47:949][  0]LogConfig: Setting CVar [[r.VolumetricFog.GridSizeZ:128]]
[2020.02.23-15.18.47:949][  0]LogConfig: Setting CVar [[r.VolumetricFog.HistoryMissSupersampleCount:4]]
[2020.02.23-15.18.47:949][  0]LogConfig: Setting CVar [[r.LightMaxDrawDistanceScale:1]]
[2020.02.23-15.18.47:949][  0]LogConfig: Setting CVar [[r.CapsuleShadows:1]]
[2020.02.23-15.18.47:949][  0]LogConfig: Applying CVar settings from Section [PostProcessQuality@3] File [D:/Program Files (HDD)/GitHub/Level Design Dungeon Project/Level_Design_Dungeon/Zelda_Dungeon/Saved/Config/Windows/Scalability.ini]
[2020.02.23-15.18.47:949][  0]LogConfig: Setting CVar [[r.MotionBlurQuality:4]]
[2020.02.23-15.18.47:949][  0]LogConfig: Setting CVar [[r.AmbientOcclusionMipLevelFactor:0.4]]
[2020.02.23-15.18.47:949][  0]LogConfig: Setting CVar [[r.AmbientOcclusionMaxQuality:100]]
[2020.02.23-15.18.47:949][  0]LogConfig: Setting CVar [[r.AmbientOcclusionLevels:-1]]
[2020.02.23-15.18.47:949][  0]LogConfig: Setting CVar [[r.AmbientOcclusionRadiusScale:1.0]]
[2020.02.23-15.18.47:949][  0]LogConfig: Setting CVar [[r.DepthOfFieldQuality:2]]
[2020.02.23-15.18.47:949][  0]LogConfig: Setting CVar [[r.RenderTargetPoolMin:400]]
[2020.02.23-15.18.47:949][  0]LogConfig: Setting CVar [[r.LensFlareQuality:2]]
[2020.02.23-15.18.47:949][  0]LogConfig: Setting CVar [[r.SceneColorFringeQuality:1]]
[2020.02.23-15.18.47:949][  0]LogConfig: Setting CVar [[r.EyeAdaptationQuality:2]]
[2020.02.23-15.18.47:949][  0]LogConfig: Setting CVar [[r.BloomQuality:5]]
[2020.02.23-15.18.47:949][  0]LogConfig: Setting CVar [[r.FastBlurThreshold:100]]
[2020.02.23-15.18.47:949][  0]LogConfig: Setting CVar [[r.Upscale.Quality:3]]
[2020.02.23-15.18.47:949][  0]LogConfig: Setting CVar [[r.Tonemapper.GrainQuantization:1]]
[2020.02.23-15.18.47:949][  0]LogConfig: Setting CVar [[r.LightShaftQuality:1]]
[2020.02.23-15.18.47:949][  0]LogConfig: Setting CVar [[r.Filter.SizeScale:1]]
[2020.02.23-15.18.47:949][  0]LogConfig: Setting CVar [[r.Tonemapper.Quality:5]]
[2020.02.23-15.18.47:949][  0]LogConfig: Setting CVar [[r.DOF.Gather.AccumulatorQuality:1        ; higher gathering accumulator quality]]
[2020.02.23-15.18.47:949][  0]LogConfig: Setting CVar [[r.DOF.Gather.PostfilterMethod:1          ; Median3x3 postfilering method]]
[2020.02.23-15.18.47:949][  0]LogConfig: Setting CVar [[r.DOF.Gather.EnableBokehSettings:0       ; no bokeh simulation when gathering]]
[2020.02.23-15.18.47:949][  0]LogConfig: Setting CVar [[r.DOF.Gather.RingCount:4                 ; medium number of samples when gathering]]
[2020.02.23-15.18.47:949][  0]LogConfig: Setting CVar [[r.DOF.Scatter.ForegroundCompositing:1    ; additive foreground scattering]]
[2020.02.23-15.18.47:949][  0]LogConfig: Setting CVar [[r.DOF.Scatter.BackgroundCompositing:2    ; additive background scattering]]
[2020.02.23-15.18.47:949][  0]LogConfig: Setting CVar [[r.DOF.Scatter.EnableBokehSettings:1      ; bokeh simulation when scattering]]
[2020.02.23-15.18.47:949][  0]LogConfig: Setting CVar [[r.DOF.Scatter.MaxSpriteRatio:0.1         ; only a maximum of 10% of scattered bokeh]]
[2020.02.23-15.18.47:949][  0]LogConfig: Setting CVar [[r.DOF.Recombine.Quality:1                ; cheap slight out of focus]]
[2020.02.23-15.18.47:949][  0]LogConfig: Setting CVar [[r.DOF.Recombine.EnableBokehSettings:0    ; no bokeh simulation on slight out of focus]]
[2020.02.23-15.18.47:949][  0]LogConfig: Setting CVar [[r.DOF.TemporalAAQuality:1                ; more stable temporal accumulation]]
[2020.02.23-15.18.47:949][  0]LogConfig: Setting CVar [[r.DOF.Kernel.MaxForegroundRadius:0.025]]
[2020.02.23-15.18.47:949][  0]LogConfig: Setting CVar [[r.DOF.Kernel.MaxBackgroundRadius:0.025]]
[2020.02.23-15.18.47:949][  0]LogConfig: Applying CVar settings from Section [TextureQuality@3] File [D:/Program Files (HDD)/GitHub/Level Design Dungeon Project/Level_Design_Dungeon/Zelda_Dungeon/Saved/Config/Windows/Scalability.ini]
[2020.02.23-15.18.47:949][  0]LogConfig: Setting CVar [[r.Streaming.MipBias:0]]
[2020.02.23-15.18.47:950][  0]LogConfig: Setting CVar [[r.Streaming.AmortizeCPUToGPUCopy:0]]
[2020.02.23-15.18.47:950][  0]LogConfig: Setting CVar [[r.Streaming.MaxNumTexturesToStreamPerFrame:0]]
[2020.02.23-15.18.47:950][  0]LogConfig: Setting CVar [[r.Streaming.Boost:1]]
[2020.02.23-15.18.47:950][  0]LogConfig: Setting CVar [[r.MaxAnisotropy:8]]
[2020.02.23-15.18.47:950][  0]LogConfig: Setting CVar [[r.Streaming.LimitPoolSizeToVRAM:0]]
[2020.02.23-15.18.47:950][  0]LogConfig: Setting CVar [[r.Streaming.PoolSize:1000]]
[2020.02.23-15.18.47:950][  0]LogConfig: Setting CVar [[r.Streaming.MaxEffectiveScreenSize:0]]
[2020.02.23-15.18.47:950][  0]LogConfig: Applying CVar settings from Section [EffectsQuality@3] File [D:/Program Files (HDD)/GitHub/Level Design Dungeon Project/Level_Design_Dungeon/Zelda_Dungeon/Saved/Config/Windows/Scalability.ini]
[2020.02.23-15.18.47:950][  0]LogConfig: Setting CVar [[r.TranslucencyLightingVolumeDim:64]]
[2020.02.23-15.18.47:950][  0]LogConfig: Setting CVar [[r.RefractionQuality:2]]
[2020.02.23-15.18.47:950][  0]LogConfig: Setting CVar [[r.SSR.Quality:3]]
[2020.02.23-15.18.47:950][  0]LogConfig: Setting CVar [[r.SceneColorFormat:4]]
[2020.02.23-15.18.47:950][  0]LogConfig: Setting CVar [[r.DetailMode:2]]
[2020.02.23-15.18.47:950][  0]LogConfig: Setting CVar [[r.TranslucencyVolumeBlur:1]]
[2020.02.23-15.18.47:950][  0]LogConfig: Setting CVar [[r.MaterialQualityLevel:1 ; High quality]]
[2020.02.23-15.18.47:950][  0]LogConfig: Setting CVar [[r.SSS.Scale:1]]
[2020.02.23-15.18.47:950][  0]LogConfig: Setting CVar [[r.SSS.SampleSet:2]]
[2020.02.23-15.18.47:950][  0]LogConfig: Setting CVar [[r.SSS.Quality:1]]
[2020.02.23-15.18.47:950][  0]LogConfig: Setting CVar [[r.SSS.HalfRes:1]]
[2020.02.23-15.18.47:950][  0]LogConfig: Setting CVar [[r.EmitterSpawnRateScale:1.0]]
[2020.02.23-15.18.47:950][  0]LogConfig: Setting CVar [[r.ParticleLightQuality:2]]
[2020.02.23-15.18.47:950][  0]LogConfig: Applying CVar settings from Section [FoliageQuality@3] File [D:/Program Files (HDD)/GitHub/Level Design Dungeon Project/Level_Design_Dungeon/Zelda_Dungeon/Saved/Config/Windows/Scalability.ini]
[2020.02.23-15.18.47:950][  0]LogConfig: Setting CVar [[foliage.DensityScale:1.0]]
[2020.02.23-15.18.47:950][  0]LogConfig: Setting CVar [[grass.DensityScale:1.0]]
[2020.02.23-15.18.47:950][  0]LogInit: Selected Device Profile: [Windows]
[2020.02.23-15.18.47:950][  0]LogInit: Applying CVar settings loaded from the selected device profile: [Windows]
[2020.02.23-15.18.48:011][  0]LogHAL: Display: Platform has ~ 16 GB [17129033728 / 17179869184 / 16], which maps to Larger [LargestMinGB=32, LargerMinGB=12, DefaultMinGB=8, SmallerMinGB=6, SmallestMinGB=0)
[2020.02.23-15.18.48:011][  0]LogConfig: Setting CVar [[r.Vulkan.UseRealUBs:0		; Required until we fix HLR fall-out]]
[2020.02.23-15.18.48:011][  0]LogInit: Going up to parent DeviceProfile []
[2020.02.23-15.18.48:011][  0]LogConfig: Applying CVar settings from Section [ViewDistanceQuality@3] File [D:/Program Files (HDD)/GitHub/Level Design Dungeon Project/Level_Design_Dungeon/Zelda_Dungeon/Saved/Config/Windows/Scalability.ini]
[2020.02.23-15.18.48:011][  0]LogConfig: Setting CVar [[r.SkeletalMeshLODBias:0]]
[2020.02.23-15.18.48:011][  0]LogConfig: Setting CVar [[r.ViewDistanceScale:1.0]]
[2020.02.23-15.18.48:011][  0]LogConfig: Applying CVar settings from Section [AntiAliasingQuality@3] File [D:/Program Files (HDD)/GitHub/Level Design Dungeon Project/Level_Design_Dungeon/Zelda_Dungeon/Saved/Config/Windows/Scalability.ini]
[2020.02.23-15.18.48:011][  0]LogConfig: Setting CVar [[r.PostProcessAAQuality:4]]
[2020.02.23-15.18.48:011][  0]LogConfig: Applying CVar settings from Section [ShadowQuality@3] File [D:/Program Files (HDD)/GitHub/Level Design Dungeon Project/Level_Design_Dungeon/Zelda_Dungeon/Saved/Config/Windows/Scalability.ini]
[2020.02.23-15.18.48:011][  0]LogConfig: Setting CVar [[r.LightFunctionQuality:1]]
[2020.02.23-15.18.48:011][  0]LogConfig: Setting CVar [[r.ShadowQuality:5]]
[2020.02.23-15.18.48:011][  0]LogConfig: Setting CVar [[r.Shadow.CSM.MaxCascades:10]]
[2020.02.23-15.18.48:011][  0]LogConfig: Setting CVar [[r.Shadow.MaxResolution:2048]]
[2020.02.23-15.18.48:011][  0]LogConfig: Setting CVar [[r.Shadow.MaxCSMResolution:2048]]
[2020.02.23-15.18.48:011][  0]LogConfig: Setting CVar [[r.Shadow.RadiusThreshold:0.01]]
[2020.02.23-15.18.48:011][  0]LogConfig: Setting CVar [[r.Shadow.DistanceScale:1.0]]
[2020.02.23-15.18.48:011][  0]LogConfig: Setting CVar [[r.Shadow.CSM.TransitionScale:1.0]]
[2020.02.23-15.18.48:011][  0]LogConfig: Setting CVar [[r.Shadow.PreShadowResolutionFactor:1.0]]
[2020.02.23-15.18.48:011][  0]LogConfig: Setting CVar [[r.DistanceFieldShadowing:1]]
[2020.02.23-15.18.48:012][  0]LogConfig: Setting CVar [[r.DistanceFieldAO:1]]
[2020.02.23-15.18.48:012][  0]LogConfig: Setting CVar [[r.AOQuality:2]]
[2020.02.23-15.18.48:012][  0]LogConfig: Setting CVar [[r.VolumetricFog:1]]
[2020.02.23-15.18.48:012][  0]LogConfig: Setting CVar [[r.VolumetricFog.GridPixelSize:8]]
[2020.02.23-15.18.48:012][  0]LogConfig: Setting CVar [[r.VolumetricFog.GridSizeZ:128]]
[2020.02.23-15.18.48:012][  0]LogConfig: Setting CVar [[r.VolumetricFog.HistoryMissSupersampleCount:4]]
[2020.02.23-15.18.48:012][  0]LogConfig: Setting CVar [[r.LightMaxDrawDistanceScale:1]]
[2020.02.23-15.18.48:012][  0]LogConfig: Setting CVar [[r.CapsuleShadows:1]]
[2020.02.23-15.18.48:012][  0]LogConfig: Applying CVar settings from Section [PostProcessQuality@3] File [D:/Program Files (HDD)/GitHub/Level Design Dungeon Project/Level_Design_Dungeon/Zelda_Dungeon/Saved/Config/Windows/Scalability.ini]
[2020.02.23-15.18.48:012][  0]LogConfig: Setting CVar [[r.MotionBlurQuality:4]]
[2020.02.23-15.18.48:012][  0]LogConfig: Setting CVar [[r.AmbientOcclusionMipLevelFactor:0.4]]
[2020.02.23-15.18.48:012][  0]LogConfig: Setting CVar [[r.AmbientOcclusionMaxQuality:100]]
[2020.02.23-15.18.48:012][  0]LogConfig: Setting CVar [[r.AmbientOcclusionLevels:-1]]
[2020.02.23-15.18.48:012][  0]LogConfig: Setting CVar [[r.AmbientOcclusionRadiusScale:1.0]]
[2020.02.23-15.18.48:012][  0]LogConfig: Setting CVar [[r.DepthOfFieldQuality:2]]
[2020.02.23-15.18.48:012][  0]LogConfig: Setting CVar [[r.RenderTargetPoolMin:400]]
[2020.02.23-15.18.48:012][  0]LogConfig: Setting CVar [[r.LensFlareQuality:2]]
[2020.02.23-15.18.48:012][  0]LogConfig: Setting CVar [[r.SceneColorFringeQuality:1]]
[2020.02.23-15.18.48:012][  0]LogConfig: Setting CVar [[r.EyeAdaptationQuality:2]]
[2020.02.23-15.18.48:012][  0]LogConfig: Setting CVar [[r.BloomQuality:5]]
[2020.02.23-15.18.48:012][  0]LogConfig: Setting CVar [[r.FastBlurThreshold:100]]
[2020.02.23-15.18.48:012][  0]LogConfig: Setting CVar [[r.Upscale.Quality:3]]
[2020.02.23-15.18.48:012][  0]LogConfig: Setting CVar [[r.Tonemapper.GrainQuantization:1]]
[2020.02.23-15.18.48:012][  0]LogConfig: Setting CVar [[r.LightShaftQuality:1]]
[2020.02.23-15.18.48:012][  0]LogConfig: Setting CVar [[r.Filter.SizeScale:1]]
[2020.02.23-15.18.48:012][  0]LogConfig: Setting CVar [[r.Tonemapper.Quality:5]]
[2020.02.23-15.18.48:012][  0]LogConfig: Setting CVar [[r.DOF.Gather.AccumulatorQuality:1        ; higher gathering accumulator quality]]
[2020.02.23-15.18.48:012][  0]LogConfig: Setting CVar [[r.DOF.Gather.PostfilterMethod:1          ; Median3x3 postfilering method]]
[2020.02.23-15.18.48:012][  0]LogConfig: Setting CVar [[r.DOF.Gather.EnableBokehSettings:0       ; no bokeh simulation when gathering]]
[2020.02.23-15.18.48:012][  0]LogConfig: Setting CVar [[r.DOF.Gather.RingCount:4                 ; medium number of samples when gathering]]
[2020.02.23-15.18.48:012][  0]LogConfig: Setting CVar [[r.DOF.Scatter.ForegroundCompositing:1    ; additive foreground scattering]]
[2020.02.23-15.18.48:013][  0]LogConfig: Setting CVar [[r.DOF.Scatter.BackgroundCompositing:2    ; additive background scattering]]
[2020.02.23-15.18.48:013][  0]LogConfig: Setting CVar [[r.DOF.Scatter.EnableBokehSettings:1      ; bokeh simulation when scattering]]
[2020.02.23-15.18.48:013][  0]LogConfig: Setting CVar [[r.DOF.Scatter.MaxSpriteRatio:0.1         ; only a maximum of 10% of scattered bokeh]]
[2020.02.23-15.18.48:013][  0]LogConfig: Setting CVar [[r.DOF.Recombine.Quality:1                ; cheap slight out of focus]]
[2020.02.23-15.18.48:013][  0]LogConfig: Setting CVar [[r.DOF.Recombine.EnableBokehSettings:0    ; no bokeh simulation on slight out of focus]]
[2020.02.23-15.18.48:013][  0]LogConfig: Setting CVar [[r.DOF.TemporalAAQuality:1                ; more stable temporal accumulation]]
[2020.02.23-15.18.48:013][  0]LogConfig: Setting CVar [[r.DOF.Kernel.MaxForegroundRadius:0.025]]
[2020.02.23-15.18.48:013][  0]LogConfig: Setting CVar [[r.DOF.Kernel.MaxBackgroundRadius:0.025]]
[2020.02.23-15.18.48:013][  0]LogConfig: Applying CVar settings from Section [TextureQuality@3] File [D:/Program Files (HDD)/GitHub/Level Design Dungeon Project/Level_Design_Dungeon/Zelda_Dungeon/Saved/Config/Windows/Scalability.ini]
[2020.02.23-15.18.48:013][  0]LogConfig: Setting CVar [[r.Streaming.MipBias:0]]
[2020.02.23-15.18.48:013][  0]LogConfig: Setting CVar [[r.Streaming.AmortizeCPUToGPUCopy:0]]
[2020.02.23-15.18.48:013][  0]LogConfig: Setting CVar [[r.Streaming.MaxNumTexturesToStreamPerFrame:0]]
[2020.02.23-15.18.48:013][  0]LogConfig: Setting CVar [[r.Streaming.Boost:1]]
[2020.02.23-15.18.48:013][  0]LogConfig: Setting CVar [[r.MaxAnisotropy:8]]
[2020.02.23-15.18.48:013][  0]LogConfig: Setting CVar [[r.Streaming.LimitPoolSizeToVRAM:0]]
[2020.02.23-15.18.48:013][  0]LogConfig: Setting CVar [[r.Streaming.PoolSize:1000]]
[2020.02.23-15.18.48:013][  0]LogConfig: Setting CVar [[r.Streaming.MaxEffectiveScreenSize:0]]
[2020.02.23-15.18.48:013][  0]LogConfig: Applying CVar settings from Section [EffectsQuality@3] File [D:/Program Files (HDD)/GitHub/Level Design Dungeon Project/Level_Design_Dungeon/Zelda_Dungeon/Saved/Config/Windows/Scalability.ini]
[2020.02.23-15.18.48:013][  0]LogConfig: Setting CVar [[r.TranslucencyLightingVolumeDim:64]]
[2020.02.23-15.18.48:013][  0]LogConfig: Setting CVar [[r.RefractionQuality:2]]
[2020.02.23-15.18.48:013][  0]LogConfig: Setting CVar [[r.SSR.Quality:3]]
[2020.02.23-15.18.48:013][  0]LogConfig: Setting CVar [[r.SceneColorFormat:4]]
[2020.02.23-15.18.48:013][  0]LogConfig: Setting CVar [[r.DetailMode:2]]
[2020.02.23-15.18.48:013][  0]LogConfig: Setting CVar [[r.TranslucencyVolumeBlur:1]]
[2020.02.23-15.18.48:013][  0]LogConfig: Setting CVar [[r.MaterialQualityLevel:1 ; High quality]]
[2020.02.23-15.18.48:013][  0]LogConfig: Setting CVar [[r.SSS.Scale:1]]
[2020.02.23-15.18.48:013][  0]LogConfig: Setting CVar [[r.SSS.SampleSet:2]]
[2020.02.23-15.18.48:013][  0]LogConfig: Setting CVar [[r.SSS.Quality:1]]
[2020.02.23-15.18.48:013][  0]LogConfig: Setting CVar [[r.SSS.HalfRes:1]]
[2020.02.23-15.18.48:013][  0]LogConfig: Setting CVar [[r.EmitterSpawnRateScale:1.0]]
[2020.02.23-15.18.48:013][  0]LogConfig: Setting CVar [[r.ParticleLightQuality:2]]
[2020.02.23-15.18.48:013][  0]LogConfig: Applying CVar settings from Section [FoliageQuality@3] File [D:/Program Files (HDD)/GitHub/Level Design Dungeon Project/Level_Design_Dungeon/Zelda_Dungeon/Saved/Config/Windows/Scalability.ini]
[2020.02.23-15.18.48:013][  0]LogConfig: Setting CVar [[foliage.DensityScale:1.0]]
[2020.02.23-15.18.48:013][  0]LogConfig: Setting CVar [[grass.DensityScale:1.0]]
[2020.02.23-15.18.48:013][  0]LogConfig: Applying CVar settings from Section [Startup] File [../../../Engine/Config/ConsoleVariables.ini]
[2020.02.23-15.18.48:014][  0]LogConfig: Setting CVar [[net.UseAdaptiveNetUpdateFrequency:0]]
[2020.02.23-15.18.48:014][  0]LogConfig: Setting CVar [[p.chaos.AllowCreatePhysxBodies:1]]
[2020.02.23-15.18.48:014][  0]LogConfig: Applying CVar settings from Section [ConsoleVariables] File [D:/Program Files (HDD)/GitHub/Level Design Dungeon Project/Level_Design_Dungeon/Zelda_Dungeon/Saved/Config/Windows/Engine.ini]
[2020.02.23-15.18.48:014][  0]LogInit: Computer: DESKTOP-181G4SV
[2020.02.23-15.18.48:014][  0]LogInit: User: techf
[2020.02.23-15.18.48:014][  0]LogInit: CPU Page size=4096, Cores=4
[2020.02.23-15.18.48:014][  0]LogInit: High frequency timer resolution =10.000000 MHz
[2020.02.23-15.18.48:015][  0]LogMemory: Memory total: Physical=16.0GB (16GB approx)
[2020.02.23-15.18.48:015][  0]LogMemory: Platform Memory Stats for Windows
[2020.02.23-15.18.48:015][  0]LogMemory: Process Physical Memory: 100.60 MB used, 100.60 MB peak
[2020.02.23-15.18.48:015][  0]LogMemory: Process Virtual Memory: 88.83 MB used, 88.83 MB peak
[2020.02.23-15.18.48:015][  0]LogMemory: Physical Memory: 7053.20 MB used,  9282.32 MB free, 16335.52 MB total
[2020.02.23-15.18.48:015][  0]LogMemory: Virtual Memory: 4642.77 MB used,  134213088.00 MB free, 134217728.00 MB total
[2020.02.23-15.18.48:085][  0]LogInit: Using OS detected language (en-US).
[2020.02.23-15.18.48:085][  0]LogInit: Using OS detected locale (en-US).
[2020.02.23-15.18.48:086][  0]LogTextLocalizationManager: No specific localization for 'en-US' exists, so the 'en' localization will be used.
[2020.02.23-15.18.48:474][  0]LogInit: Setting process to per monitor DPI aware
[2020.02.23-15.18.48:636][  0]LogSlate: New Slate User Created.  User Index 0, Is Virtual User: 0
[2020.02.23-15.18.48:636][  0]LogSlate: Slate User Registered.  User Index 0, Is Virtual User: 0
[2020.02.23-15.18.52:632][  0]LogHMD: Failed to initialize OpenVR with code 110
[2020.02.23-15.18.52:632][  0]LogD3D11RHI: D3D11 adapters:
[2020.02.23-15.18.52:776][  0]LogD3D11RHI:    0. 'NVIDIA GeForce GTX 1070' (Feature Level 11_0)
[2020.02.23-15.18.52:776][  0]LogD3D11RHI:       8081/0/8167 MB DedicatedVideo/DedicatedSystem/SharedSystem, Outputs:1, VendorId:0x10de
[2020.02.23-15.18.52:784][  0]LogD3D11RHI:    1. 'Microsoft Basic Render Driver' (Feature Level 11_0)
[2020.02.23-15.18.52:784][  0]LogD3D11RHI:       0/0/8167 MB DedicatedVideo/DedicatedSystem/SharedSystem, Outputs:0, VendorId:0x1414
[2020.02.23-15.18.52:784][  0]LogD3D11RHI: Chosen D3D11 Adapter: 0
[2020.02.23-15.18.52:795][  0]LogD3D11RHI: Creating new Direct3DDevice
[2020.02.23-15.18.52:795][  0]LogD3D11RHI:     GPU DeviceId: 0x1be1 (for the marketing name, search the web for "GPU Device Id")
[2020.02.23-15.18.52:795][  0]LogWindows: EnumDisplayDevices:
[2020.02.23-15.18.52:796][  0]LogWindows:    0. 'NVIDIA GeForce GTX 1070' (P:1 D:1)
[2020.02.23-15.18.52:797][  0]LogWindows:    1. 'NVIDIA GeForce GTX 1070' (P:0 D:0)
[2020.02.23-15.18.52:798][  0]LogWindows:    2. 'NVIDIA GeForce GTX 1070' (P:0 D:0)
[2020.02.23-15.18.52:799][  0]LogWindows:    3. 'NVIDIA GeForce GTX 1070' (P:0 D:0)
[2020.02.23-15.18.52:799][  0]LogWindows: DebugString: FoundDriverCount:4 
[2020.02.23-15.18.52:799][  0]LogD3D11RHI:     Adapter Name: NVIDIA GeForce GTX 1070
[2020.02.23-15.18.52:799][  0]LogD3D11RHI:   Driver Version: 441.87 (internal:26.21.14.4187, unified:441.87)
[2020.02.23-15.18.52:799][  0]LogD3D11RHI:      Driver Date: 12-24-2019
[2020.02.23-15.18.52:799][  0]LogRHI: Texture pool is 5656 MB (70% of 8081 MB)
[2020.02.23-15.18.52:900][  0]LogD3D11RHI: Async texture creation enabled
[2020.02.23-15.18.52:909][  0]LogRendererCore: FGlobalReadBuffer::InitRHI
[2020.02.23-15.18.52:909][  0]LogRendererCore: FGlobalReadBuffer::InitRHI
[2020.02.23-15.18.52:909][  0]LogRendererCore: FGlobalReadBuffer::InitRHI
[2020.02.23-15.18.52:918][  0]LogD3D11RHI: GPU Timing Frequency: 1000.000000 (Debug: 2 1)
[2020.02.23-15.18.53:957][  0]LogTemp: Display: Module 'AllDesktopTargetPlatform' loaded TargetPlatform 'AllDesktop'
[2020.02.23-15.18.53:987][  0]LogTemp: Display: Module 'MacClientTargetPlatform' loaded TargetPlatform 'MacClient'
[2020.02.23-15.18.54:013][  0]LogTemp: Display: Module 'MacNoEditorTargetPlatform' loaded TargetPlatform 'MacNoEditor'
[2020.02.23-15.18.54:041][  0]LogTemp: Display: Module 'MacServerTargetPlatform' loaded TargetPlatform 'MacServer'
[2020.02.23-15.18.54:070][  0]LogTemp: Display: Module 'MacTargetPlatform' loaded TargetPlatform 'Mac'
[2020.02.23-15.18.54:102][  0]LogTemp: Display: Module 'WindowsClientTargetPlatform' loaded TargetPlatform 'WindowsClient'
[2020.02.23-15.18.54:129][  0]LogTemp: Display: Module 'WindowsNoEditorTargetPlatform' loaded TargetPlatform 'WindowsNoEditor'
[2020.02.23-15.18.54:161][  0]LogTemp: Display: Module 'WindowsServerTargetPlatform' loaded TargetPlatform 'WindowsServer'
[2020.02.23-15.18.54:175][  0]LogTemp: Display: Module 'WindowsTargetPlatform' loaded TargetPlatform 'Windows'
[2020.02.23-15.18.54:374][  0]LogTemp: Display: Module 'AndroidTargetPlatform' loaded TargetPlatform 'Android'
[2020.02.23-15.18.54:374][  0]LogTemp: Display: Module 'AndroidTargetPlatform' loaded TargetPlatform 'Android_ASTC'
[2020.02.23-15.18.54:374][  0]LogTemp: Display: Module 'AndroidTargetPlatform' loaded TargetPlatform 'Android_ATC'
[2020.02.23-15.18.54:374][  0]LogTemp: Display: Module 'AndroidTargetPlatform' loaded TargetPlatform 'Android_DXT'
[2020.02.23-15.18.54:374][  0]LogTemp: Display: Module 'AndroidTargetPlatform' loaded TargetPlatform 'Android_ETC1'
[2020.02.23-15.18.54:374][  0]LogTemp: Display: Module 'AndroidTargetPlatform' loaded TargetPlatform 'Android_ETC1a'
[2020.02.23-15.18.54:374][  0]LogTemp: Display: Module 'AndroidTargetPlatform' loaded TargetPlatform 'Android_ETC2'
[2020.02.23-15.18.54:374][  0]LogTemp: Display: Module 'AndroidTargetPlatform' loaded TargetPlatform 'Android_PVRTC'
[2020.02.23-15.18.54:374][  0]LogTemp: Display: Module 'AndroidTargetPlatform' loaded TargetPlatform 'AndroidClient'
[2020.02.23-15.18.54:374][  0]LogTemp: Display: Module 'AndroidTargetPlatform' loaded TargetPlatform 'Android_ASTCClient'
[2020.02.23-15.18.54:374][  0]LogTemp: Display: Module 'AndroidTargetPlatform' loaded TargetPlatform 'Android_ATCClient'
[2020.02.23-15.18.54:374][  0]LogTemp: Display: Module 'AndroidTargetPlatform' loaded TargetPlatform 'Android_DXTClient'
[2020.02.23-15.18.54:374][  0]LogTemp: Display: Module 'AndroidTargetPlatform' loaded TargetPlatform 'Android_ETC1Client'
[2020.02.23-15.18.54:374][  0]LogTemp: Display: Module 'AndroidTargetPlatform' loaded TargetPlatform 'Android_ETC1aClient'
[2020.02.23-15.18.54:374][  0]LogTemp: Display: Module 'AndroidTargetPlatform' loaded TargetPlatform 'Android_ETC2Client'
[2020.02.23-15.18.54:375][  0]LogTemp: Display: Module 'AndroidTargetPlatform' loaded TargetPlatform 'Android_PVRTCClient'
[2020.02.23-15.18.54:375][  0]LogTemp: Display: Module 'AndroidTargetPlatform' loaded TargetPlatform 'Android_Multi'
[2020.02.23-15.18.54:375][  0]LogTemp: Display: Module 'AndroidTargetPlatform' loaded TargetPlatform 'Android_MultiClient'
[2020.02.23-15.18.54:384][  0]LogTemp: Display: Module 'HTML5TargetPlatform' loaded TargetPlatform 'HTML5'
[2020.02.23-15.18.54:474][  0]LogTemp: Display: Module 'IOSTargetPlatform' loaded TargetPlatform 'IOSClient'
[2020.02.23-15.18.54:474][  0]LogTemp: Display: Module 'IOSTargetPlatform' loaded TargetPlatform 'IOS'
[2020.02.23-15.18.54:529][  0]LogTemp: Display: Module 'TVOSTargetPlatform' loaded TargetPlatform 'TVOSClient'
[2020.02.23-15.18.54:529][  0]LogTemp: Display: Module 'TVOSTargetPlatform' loaded TargetPlatform 'TVOS'
[2020.02.23-15.18.54:557][  0]LogTemp: Display: Module 'LinuxClientTargetPlatform' loaded TargetPlatform 'LinuxClient'
[2020.02.23-15.18.54:585][  0]LogTemp: Display: Module 'LinuxNoEditorTargetPlatform' loaded TargetPlatform 'LinuxNoEditor'
[2020.02.23-15.18.54:613][  0]LogTemp: Display: Module 'LinuxServerTargetPlatform' loaded TargetPlatform 'LinuxServer'
[2020.02.23-15.18.54:644][  0]LogTemp: Display: Module 'LinuxTargetPlatform' loaded TargetPlatform 'Linux'
[2020.02.23-15.18.54:749][  0]LogTemp: Display: Module 'LuminTargetPlatform' loaded TargetPlatform 'Lumin'
[2020.02.23-15.18.54:749][  0]LogTemp: Display: Module 'LuminTargetPlatform' loaded TargetPlatform 'LuminClient'
[2020.02.23-15.18.54:749][  0]LogTargetPlatformManager: Display: Building Assets For Windows
[2020.02.23-15.18.54:770][  0]LogAudioDebug: Display: Lib vorbis DLL was dynamically loaded.
[2020.02.23-15.18.54:942][  0]LogShaderCompilers: Guid format shader working directory is -48 characters bigger than the processId version (D:/Program Files (HDD)/GitHub/Level Design Dungeon Project/Level_Design_Dungeon/Zelda_Dungeon/Intermediate/Shaders/WorkingDirectory/16772/).
[2020.02.23-15.18.54:943][  0]LogShaderCompilers: Cleaned the shader compiler working directory 'C:/Users/techf/AppData/Local/Temp/UnrealShaderWorkingDir/CFD366184E6CF583A60F8FB4F32B243A/'.
[2020.02.23-15.18.54:946][  0]LogXGEController: Cannot use XGE Controller as Incredibuild is not installed on this machine.
[2020.02.23-15.18.54:947][  0]LogShaderCompilers: Cannot use XGE Shader Compiler as Incredibuild is not installed on this machine.
[2020.02.23-15.18.54:947][  0]LogShaderCompilers: Display: Using Local Shader Compiler.
[2020.02.23-15.18.56:187][  0]LogDerivedDataCache: Display: Max Cache Size: 512 MB
[2020.02.23-15.18.56:252][  0]LogDerivedDataCache: Loaded boot cache 0.06s 71MB C:/Users/techf/AppData/Local/UnrealEngine/4.22/DerivedDataCache/Boot.ddc.
[2020.02.23-15.18.56:252][  0]LogDerivedDataCache: Display: Loaded Boot cache: C:/Users/techf/AppData/Local/UnrealEngine/4.22/DerivedDataCache/Boot.ddc
[2020.02.23-15.18.56:252][  0]LogDerivedDataCache: FDerivedDataBackendGraph:  Pak pak cache file D:/Program Files (HDD)/GitHub/Level Design Dungeon Project/Level_Design_Dungeon/Zelda_Dungeon/DerivedDataCache/DDC.ddp not found, will not use a pak cache.
[2020.02.23-15.18.56:252][  0]LogDerivedDataCache: Unable to find inner node Pak for hierarchical cache Hierarchy.
[2020.02.23-15.18.56:252][  0]LogDerivedDataCache: FDerivedDataBackendGraph:  CompressedPak pak cache file D:/Program Files (HDD)/GitHub/Level Design Dungeon Project/Level_Design_Dungeon/Zelda_Dungeon/DerivedDataCache/Compressed.ddp not found, will not use a pak cache.
[2020.02.23-15.18.56:252][  0]LogDerivedDataCache: Unable to find inner node CompressedPak for hierarchical cache Hierarchy.
[2020.02.23-15.18.56:268][  0]LogDerivedDataCache: Display: Pak cache opened for reading ../../../Engine/DerivedDataCache/Compressed.ddp.
[2020.02.23-15.18.56:268][  0]LogDerivedDataCache: FDerivedDataBackendGraph:  EnterprisePak pak cache file ../../../Enterprise/DerivedDataCache/Compressed.ddp not found, will not use a pak cache.
[2020.02.23-15.18.56:268][  0]LogDerivedDataCache: Unable to find inner node EnterprisePak for hierarchical cache Hierarchy.
[2020.02.23-15.18.56:282][  0]LogDerivedDataCache: Using Local data cache path C:/Users/techf/AppData/Local/UnrealEngine/Common/DerivedDataCache: Writable
[2020.02.23-15.18.56:282][  0]LogDerivedDataCache: Shared data cache path not found in *engine.ini, will not use an Shared cache.
[2020.02.23-15.18.56:282][  0]LogDerivedDataCache: Unable to find inner node Shared for hierarchical cache Hierarchy.
[2020.02.23-15.18.56:319][  0]LogMaterial: Verifying Global Shaders for PCD3D_SM5
[2020.02.23-15.18.56:321][  0]LogSlate: Using FreeType 2.6.0
[2020.02.23-15.18.56:325][  0]LogSlate: SlateFontServices - WITH_FREETYPE: 1, WITH_HARFBUZZ: 1
[2020.02.23-15.18.56:487][  0]LogAssetRegistry: FAssetRegistry took 0.0437 seconds to start up
[2020.02.23-15.18.57:190][  0]LogInit: Selected Device Profile: [Windows]
[2020.02.23-15.18.57:458][  0]LogMeshReduction: Using QuadricMeshReduction for automatic static mesh reduction
[2020.02.23-15.18.57:458][  0]LogMeshReduction: Using SimplygonMeshReduction for automatic skeletal mesh reduction
[2020.02.23-15.18.57:458][  0]LogMeshReduction: Using ProxyLODMeshReduction for automatic mesh merging
[2020.02.23-15.18.57:458][  0]LogMeshReduction: No distributed automatic mesh merging module available
[2020.02.23-15.18.57:458][  0]LogMeshMerging: No distributed automatic mesh merging module available
[2020.02.23-15.18.57:481][  0]LogNetVersion: Zelda_Dungeon 1.0.0, NetCL: 5660361, EngineNetVer: 10, GameNetVer: 0 (Checksum: 331747485)
[2020.02.23-15.18.58:551][  0]LogPackageLocalizationCache: Processed 10 localized package path(s) for 1 prioritized culture(s) in 0.290830 seconds
[2020.02.23-15.18.58:561][  0]LogUObjectArray: 42205 objects as part of root set at end of initial load.
[2020.02.23-15.18.58:561][  0]LogUObjectAllocator: 7325032 out of 0 bytes used by permanent object pool.
[2020.02.23-15.18.58:561][  0]LogUObjectArray: CloseDisregardForGC: 0/0 objects in disregard for GC pool
[2020.02.23-15.19.00:664][  0]LogTcpMessaging: Initializing TcpMessaging bridge
[2020.02.23-15.19.00:681][  0]LogUdpMessaging: Initializing bridge on interface 0.0.0.0:0 to multicast group 230.0.0.1:6666.
[2020.02.23-15.19.00:855][  0]SourceControl: Source control is disabled
[2020.02.23-15.19.00:855][  0]SourceControl: Source control is disabled
[2020.02.23-15.19.00:859][  0]SourceControl: Source control is disabled
[2020.02.23-15.19.00:863][  0]SourceControl: Source control is disabled
[2020.02.23-15.19.01:095][  0]LogAndroidPermission: UAndroidPermissionCallbackProxy::GetInstance
[2020.02.23-15.19.01:502][  0]LogOcInput: OculusInput pre-init called
[2020.02.23-15.19.02:986][  0]LogEngine: Initializing Engine...
[2020.02.23-15.19.02:988][  0]LogHMD: Failed to initialize OpenVR with code 110
[2020.02.23-15.19.02:989][  0]LogStats: UGameplayTagsManager::InitializeManager -  0.000 s
[2020.02.23-15.19.03:300][  0]LogInit: Initializing FReadOnlyCVARCache
[2020.02.23-15.19.03:316][  0]LogAIModule: Creating AISystem for world Untitled
[2020.02.23-15.19.03:464][  0]LogInit: XAudio2 using 'Speakers (Realtek High Definition Audio)' : 2 channels at 48 kHz using 32 bits per sample (channel mask 0x3)
[2020.02.23-15.19.03:504][  0]LogInit: FAudioDevice initialized.
[2020.02.23-15.19.03:504][  0]LogNetVersion: Set ProjectVersion to 1.0.0.0. Version Checksum will be recalculated on next use.
[2020.02.23-15.19.03:599][  0]LogDerivedDataCache: Saved boot cache 0.10s 71MB C:/Users/techf/AppData/Local/UnrealEngine/4.22/DerivedDataCache/Boot.ddc.
[2020.02.23-15.19.03:607][  0]LogInit: Texture streaming: Enabled
[2020.02.23-15.19.03:635][  0]LogEngineSessionManager: EngineSessionManager initialized
[2020.02.23-15.19.03:668][  0]LogInit: Transaction tracking system initialized
[2020.02.23-15.19.03:702][  0]BlueprintLog: New page: Editor Load
[2020.02.23-15.19.03:828][  0]LocalizationService: Localization service is disabled
[2020.02.23-15.19.04:422][  0]LogFileCache: Scanning file cache for directory 'D:/Program Files (HDD)/GitHub/Level Design Dungeon Project/Level_Design_Dungeon/Zelda_Dungeon/Content/' took 0.02s
[2020.02.23-15.19.04:422][  0]LogCook: Display: Max memory allowance for cook 16384mb min free memory 0mb
[2020.02.23-15.19.04:422][  0]LogCook: Display: Mobile HDR setting 1
[2020.02.23-15.19.04:731][  0]SourceControl: Source control is disabled
[2020.02.23-15.19.04:731][  0]Cmd: MAP LOAD FILE="../../../Engine/Content/Maps/Templates/Template_Default.umap" TEMPLATE=1 SHOWPROGRESS=1 FEATURELEVEL=3
[2020.02.23-15.19.04:733][  0]LightingResults: New page: Lighting Build
[2020.02.23-15.19.04:736][  0]MapCheck: New page: Map Check
[2020.02.23-15.19.04:736][  0]LightingResults: New page: Lighting Build
[2020.02.23-15.19.04:767][  0]LogUObjectHash: Compacting FUObjectHashTables data took   2.37ms
[2020.02.23-15.19.04:923][  0]LogAIModule: Creating AISystem for world Untitled_1
[2020.02.23-15.19.04:930][  0]LogEditorServer: Finished looking for orphan Actors (0.000 secs)
[2020.02.23-15.19.04:959][  0]LogUObjectHash: Compacting FUObjectHashTables data took   1.84ms
[2020.02.23-15.19.04:959][  0]Cmd: MAP CHECKDEP NOCLEARLOG
[2020.02.23-15.19.04:959][  0]MapCheck: Map check complete: 0 Error(s), 0 Warning(s), took 0.097ms to complete.
[2020.02.23-15.19.04:959][  0]LogFileHelpers: Loading map 'Template_Default' took 0.229
[2020.02.23-15.19.05:115][  0]LogSlate: Updating window title bar state: overlay mode, drag disabled, window buttons hidden, title bar hidden
[2020.02.23-15.19.05:125][  0]LogSlate: Updating window title bar state: overlay mode, drag disabled, window buttons hidden, title bar hidden
[2020.02.23-15.19.05:133][  0]LogSlate: Updating window title bar state: overlay mode, drag disabled, window buttons hidden, title bar hidden
[2020.02.23-15.19.05:142][  0]LogSlate: Updating window title bar state: overlay mode, drag disabled, window buttons hidden, title bar hidden
[2020.02.23-15.19.05:162][  0]LogCollectionManager: Loaded 0 collections in 0.001188 seconds
[2020.02.23-15.19.05:231][  0]LogFileCache: Scanning file cache for directory 'D:/Program Files (HDD)/GitHub/Level Design Dungeon Project/Level_Design_Dungeon/Zelda_Dungeon/Saved/Collections/' took 0.01s
[2020.02.23-15.19.05:231][  0]LogFileCache: Scanning file cache for directory 'D:/Program Files (HDD)/GitHub/Level Design Dungeon Project/Level_Design_Dungeon/Zelda_Dungeon/Content/Developers/techf/Collections/' took 0.01s
[2020.02.23-15.19.05:231][  0]LogFileCache: Scanning file cache for directory 'D:/Program Files (HDD)/GitHub/Level Design Dungeon Project/Level_Design_Dungeon/Zelda_Dungeon/Content/Collections/' took 0.01s
[2020.02.23-15.19.05:231][  0]LogCollectionManager: Rebuilt the GUID cache for 0 collections in 0.000000 seconds
[2020.02.23-15.19.05:243][  0]LogContentBrowser: Native class hierarchy populated in 0.0105 seconds. Added 2732 classes and 659 folders.
[2020.02.23-15.19.05:256][  0]LogContentBrowser: Native class hierarchy updated for 'WidgetCarousel' in 0.0003 seconds. Added 0 classes and 0 folders.
[2020.02.23-15.19.05:281][  0]LogPakFile: Registered encryption key '00000000000000000000000000000000': 0 pak files mounted, 0 remain pending
[2020.02.23-15.19.05:295][  0]LogPakFile: Registered encryption key '00000000000000000000000000000000': 0 pak files mounted, 0 remain pending
[2020.02.23-15.19.05:321][  0]LogPakFile: Registered encryption key '00000000000000000000000000000000': 0 pak files mounted, 0 remain pending
[2020.02.23-15.19.05:331][  0]LogPakFile: Registered encryption key '00000000000000000000000000000000': 0 pak files mounted, 0 remain pending
[2020.02.23-15.19.05:342][  0]LogPakFile: Registered encryption key '00000000000000000000000000000000': 0 pak files mounted, 0 remain pending
[2020.02.23-15.19.05:354][  0]LogPakFile: Registered encryption key '00000000000000000000000000000000': 0 pak files mounted, 0 remain pending
[2020.02.23-15.19.05:367][  0]LogPakFile: Registered encryption key '00000000000000000000000000000000': 0 pak files mounted, 0 remain pending
[2020.02.23-15.19.05:376][  0]LogPakFile: Registered encryption key '00000000000000000000000000000000': 0 pak files mounted, 0 remain pending
[2020.02.23-15.19.05:388][  0]LogPakFile: Registered encryption key '00000000000000000000000000000000': 0 pak files mounted, 0 remain pending
[2020.02.23-15.19.05:400][  0]LogPakFile: Registered encryption key '00000000000000000000000000000000': 0 pak files mounted, 0 remain pending
[2020.02.23-15.19.05:409][  0]LogPakFile: Registered encryption key '00000000000000000000000000000000': 0 pak files mounted, 0 remain pending
[2020.02.23-15.19.05:418][  0]LogPakFile: Registered encryption key '00000000000000000000000000000000': 0 pak files mounted, 0 remain pending
[2020.02.23-15.19.05:430][  0]LogPakFile: Registered encryption key '00000000000000000000000000000000': 0 pak files mounted, 0 remain pending
[2020.02.23-15.19.05:441][  0]LogPakFile: Registered encryption key '00000000000000000000000000000000': 0 pak files mounted, 0 remain pending
[2020.02.23-15.19.05:457][  0]LogPakFile: Registered encryption key '00000000000000000000000000000000': 0 pak files mounted, 0 remain pending
[2020.02.23-15.19.05:485][  0]LogPakFile: Registered encryption key '00000000000000000000000000000000': 0 pak files mounted, 0 remain pending
[2020.02.23-15.19.05:526][  0]LogPakFile: Registered encryption key '00000000000000000000000000000000': 0 pak files mounted, 0 remain pending
[2020.02.23-15.19.05:537][  0]LogPakFile: Registered encryption key '00000000000000000000000000000000': 0 pak files mounted, 0 remain pending
[2020.02.23-15.19.05:546][  0]LogPakFile: Registered encryption key '00000000000000000000000000000000': 0 pak files mounted, 0 remain pending
[2020.02.23-15.19.05:554][  0]LogPakFile: Registered encryption key '00000000000000000000000000000000': 0 pak files mounted, 0 remain pending
[2020.02.23-15.19.05:565][  0]LogPakFile: Registered encryption key '00000000000000000000000000000000': 0 pak files mounted, 0 remain pending
[2020.02.23-15.19.05:575][  0]LogPakFile: Registered encryption key '00000000000000000000000000000000': 0 pak files mounted, 0 remain pending
[2020.02.23-15.19.05:584][  0]LogPakFile: Registered encryption key '00000000000000000000000000000000': 0 pak files mounted, 0 remain pending
[2020.02.23-15.19.05:592][  0]LogPakFile: Registered encryption key '00000000000000000000000000000000': 0 pak files mounted, 0 remain pending
[2020.02.23-15.19.05:601][  0]LogPakFile: Registered encryption key '00000000000000000000000000000000': 0 pak files mounted, 0 remain pending
[2020.02.23-15.19.05:616][  0]LogPakFile: Registered encryption key '00000000000000000000000000000000': 0 pak files mounted, 0 remain pending
[2020.02.23-15.19.05:957][  0]LogContentBrowser: Native class hierarchy updated for 'AddContentDialog' in 0.0004 seconds. Added 0 classes and 0 folders.
[2020.02.23-15.19.05:989][  0]LogContentBrowser: Native class hierarchy updated for 'SceneOutliner' in 0.0003 seconds. Added 1 classes and 2 folders.
[2020.02.23-15.19.06:175][  0]LogSlate: Took 0.001222 seconds to synchronously load lazily loaded font '../../../Engine/Content/Slate/Fonts/Roboto-Regular.ttf' (155K)
[2020.02.23-15.19.06:181][  0]LogSlate: Took 0.000939 seconds to synchronously load lazily loaded font '../../../Engine/Content/Slate/Fonts/Roboto-Bold.ttf' (160K)
[2020.02.23-15.19.06:196][  0]LogSlate: Took 0.007237 seconds to synchronously load lazily loaded font '../../../Engine/Content/Editor/Slate/Fonts/FontAwesome.ttf' (139K)
[2020.02.23-15.19.06:328][  0]LogRenderer: Reallocating scene render targets to support 936x488 Format 10 NumSamples 1 (Frame:1).
[2020.02.23-15.19.06:467][  0]LogContentBrowser: Native class hierarchy updated for 'HierarchicalLODOutliner' in 0.0004 seconds. Added 0 classes and 0 folders.
[2020.02.23-15.19.06:467][  0]LogLoad: (Engine Initialization) Total time: 23.55 seconds
[2020.02.23-15.19.06:467][  0]LogLoad: (Engine Initialization) Total Blueprint compile time: 0.00 seconds
[2020.02.23-15.19.06:511][  0]LogContentStreaming: Texture pool size now 1000 MB
[2020.02.23-15.19.06:532][  0]LogSlate: Took 0.007095 seconds to synchronously load lazily loaded font '../../../Engine/Content/Slate/Fonts/Roboto-Light.ttf' (167K)
[2020.02.23-15.19.13:439][408]LogAssetRegistry: Asset discovery search completed in 16.9734 seconds
[2020.02.23-15.19.13:441][408]LogCollectionManager: Rebuilt the object cache for 0 collections in 0.000000 seconds (found 0 objects)
[2020.02.23-15.19.13:441][408]LogCollectionManager: Fixed up redirectors for 0 collections in 0.000055 seconds (updated 0 objects)
[2020.02.23-15.19.27:661][671]LogSlate: FSceneViewport::OnFocusLost() reason 0
[2020.02.23-15.25.44:930][798]LogSlate: Took 0.000920 seconds to synchronously load lazily loaded font '../../../Engine/Content/Slate/Fonts/Roboto-Light.ttf' (167K)
[2020.02.23-15.25.44:946][798]LogLinker: Warning: Can't find file '/Game/Maps/Test_Realm_Alberto_BuiltData'
[2020.02.23-15.25.44:946][798]LogLinker: Warning: Can't find file for asset '/Game/Maps/Test_Realm_Alberto_BuiltData' while loading NULL.
[2020.02.23-15.25.44:950][798]LogLinker: Warning: Can't find file '/Game/Maps/Test_Realm_Alberto_BuiltData'
[2020.02.23-15.25.44:950][798]LogLinker: Warning: Can't find file for asset '/Game/Maps/Test_Realm_Alberto_BuiltData' while loading NULL.
[2020.02.23-15.25.44:951][798]LogLinker: Warning: Can't find file '/Game/Maps/Test_Realm_Alberto_BuiltData'
[2020.02.23-15.25.44:951][798]LogLinker: Warning: Can't find file for asset '/Game/Maps/Test_Realm_Alberto_BuiltData' while loading NULL.
[2020.02.23-15.25.44:952][798]LogLinker: Warning: Can't find file '/Game/Maps/Test_Realm_Alberto_BuiltData'
[2020.02.23-15.25.44:952][798]LogLinker: Warning: Can't find file for asset '/Game/Maps/Test_Realm_Alberto_BuiltData' while loading NULL.
[2020.02.23-15.25.45:256][798]LogLinker: Warning: Can't find file '/Game/Maps/Test_Realm_Alberto_BuiltData'
[2020.02.23-15.25.45:256][798]LoadErrors: Failed to load /Game/Maps/Test_Realm_Alberto_BuiltData.Test_Realm_Alberto_BuiltData Referenced by PersistentLevel
[2020.02.23-15.25.45:256][798]LogLinker: Warning: Can't find file for asset '/Game/Maps/Test_Realm_Alberto_BuiltData' while loading NULL.
[2020.02.23-15.25.45:285][798]LogAIModule: Creating AISystem for world Test_Realm_Alberto
[2020.02.23-15.25.45:301][798]LogAssetEditorManager: Opening Asset editor for World /Game/Maps/Test_Realm_Alberto.Test_Realm_Alberto
[2020.02.23-15.25.45:333][798]LogUObjectHash: Compacting FUObjectHashTables data took   2.28ms
[2020.02.23-15.25.45:336][798]Cmd: MAP LOAD FILE="D:/Program Files (HDD)/GitHub/Level Design Dungeon Project/Level_Design_Dungeon/Zelda_Dungeon/Content/Maps/Test_Realm_Alberto.umap" TEMPLATE=0 SHOWPROGRESS=1 FEATURELEVEL=3
[2020.02.23-15.25.45:336][798]LightingResults: New page: Lighting Build
[2020.02.23-15.25.45:337][798]LoadErrors: New page: Loading map: Test_Realm_Alberto.umap
[2020.02.23-15.25.45:337][798]MapCheck: New page: Map Check
[2020.02.23-15.25.45:337][798]LightingResults: New page: Lighting Build
[2020.02.23-15.25.45:361][798]LogUObjectHash: Compacting FUObjectHashTables data took   1.83ms
[2020.02.23-15.25.45:441][798]LogEditorServer: Finished looking for orphan Actors (0.000 secs)
[2020.02.23-15.25.45:467][798]LogUObjectHash: Compacting FUObjectHashTables data took   2.02ms
[2020.02.23-15.25.45:494][798]Cmd: MAP CHECKDEP NOCLEARLOG
[2020.02.23-15.25.45:494][798]MapCheck: Map check complete: 0 Error(s), 0 Warning(s), took 0.071ms to complete.
[2020.02.23-15.25.45:494][798]LogFileHelpers: Loading map 'Test_Realm_Alberto' took 0.159
[2020.02.23-15.25.51:033][126]LogSlate: FSceneViewport::OnFocusLost() reason 0
[2020.02.23-15.25.51:207][135]LogAIModule: Creating AISystem for world NewWorld
[2020.02.23-15.25.51:209][135]LogAssetEditorManager: Opening Asset editor for World /Game/Maps/NewWorld.NewWorld
[2020.02.23-15.25.51:235][135]LogUObjectHash: Compacting FUObjectHashTables data took   0.61ms
[2020.02.23-15.25.51:236][135]Cmd: MAP LOAD FILE="D:/Program Files (HDD)/GitHub/Level Design Dungeon Project/Level_Design_Dungeon/Zelda_Dungeon/Content/Maps/NewWorld.umap" TEMPLATE=0 SHOWPROGRESS=1 FEATURELEVEL=3
[2020.02.23-15.25.51:236][135]LightingResults: New page: Lighting Build
[2020.02.23-15.25.51:237][135]LoadErrors: New page: Loading map: NewWorld.umap
[2020.02.23-15.25.51:237][135]MapCheck: New page: Map Check
[2020.02.23-15.25.51:237][135]LightingResults: New page: Lighting Build
[2020.02.23-15.25.51:261][135]LogUObjectHash: Compacting FUObjectHashTables data took   1.99ms
[2020.02.23-15.25.51:323][135]LogEditorServer: Finished looking for orphan Actors (0.000 secs)
[2020.02.23-15.25.51:348][135]LogUObjectHash: Compacting FUObjectHashTables data took   1.03ms
[2020.02.23-15.25.51:375][135]Cmd: MAP CHECKDEP NOCLEARLOG
[2020.02.23-15.25.51:375][135]MapCheck: Map check complete: 0 Error(s), 0 Warning(s), took 0.064ms to complete.
[2020.02.23-15.25.51:375][135]LogFileHelpers: Loading map 'NewWorld' took 0.140
[2020.02.23-15.25.56:585][445]LogSlate: FSceneViewport::OnFocusLost() reason 0
[2020.02.23-15.25.56:746][454]LogLinker: Warning: Can't find file '/Game/Maps/Test_Realm_Alberto_BuiltData'
[2020.02.23-15.25.56:747][454]LogLinker: Warning: Can't find file for asset '/Game/Maps/Test_Realm_Alberto_BuiltData' while loading NULL.
[2020.02.23-15.25.56:750][454]LogLinker: Warning: Can't find file '/Game/Maps/Test_Realm_Alberto_BuiltData'
[2020.02.23-15.25.56:750][454]LogLinker: Warning: Can't find file for asset '/Game/Maps/Test_Realm_Alberto_BuiltData' while loading NULL.
[2020.02.23-15.25.56:751][454]LogLinker: Warning: Can't find file '/Game/Maps/Test_Realm_Alberto_BuiltData'
[2020.02.23-15.25.56:751][454]LogLinker: Warning: Can't find file for asset '/Game/Maps/Test_Realm_Alberto_BuiltData' while loading NULL.
[2020.02.23-15.25.56:751][454]LogLinker: Warning: Can't find file '/Game/Maps/Test_Realm_Alberto_BuiltData'
[2020.02.23-15.25.56:751][454]LogLinker: Warning: Can't find file for asset '/Game/Maps/Test_Realm_Alberto_BuiltData' while loading NULL.
[2020.02.23-15.25.56:753][454]LogLinker: Warning: Can't find file '/Game/Maps/Test_Realm_Alberto_BuiltData'
[2020.02.23-15.25.56:753][454]LoadErrors: Failed to load /Game/Maps/Test_Realm_Alberto_BuiltData.Test_Realm_Alberto_BuiltData Referenced by PersistentLevel
[2020.02.23-15.25.56:753][454]LogLinker: Warning: Can't find file for asset '/Game/Maps/Test_Realm_Alberto_BuiltData' while loading NULL.
[2020.02.23-15.25.56:756][454]LogAIModule: Creating AISystem for world Test_Realm_Alberto
[2020.02.23-15.25.56:761][454]LogAssetEditorManager: Opening Asset editor for World /Game/Maps/Test_Realm_Alberto.Test_Realm_Alberto
[2020.02.23-15.25.56:784][454]LogUObjectHash: Compacting FUObjectHashTables data took   1.66ms
[2020.02.23-15.25.56:785][454]Cmd: MAP LOAD FILE="D:/Program Files (HDD)/GitHub/Level Design Dungeon Project/Level_Design_Dungeon/Zelda_Dungeon/Content/Maps/Test_Realm_Alberto.umap" TEMPLATE=0 SHOWPROGRESS=1 FEATURELEVEL=3
[2020.02.23-15.25.56:785][454]LightingResults: New page: Lighting Build
[2020.02.23-15.25.56:785][454]LoadErrors: New page: Loading map: Test_Realm_Alberto.umap
[2020.02.23-15.25.56:786][454]MapCheck: New page: Map Check
[2020.02.23-15.25.56:786][454]LightingResults: New page: Lighting Build
[2020.02.23-15.25.56:811][454]LogUObjectHash: Compacting FUObjectHashTables data took   1.73ms
[2020.02.23-15.25.56:901][454]LogEditorServer: Finished looking for orphan Actors (0.000 secs)
[2020.02.23-15.25.56:929][454]LogUObjectHash: Compacting FUObjectHashTables data took   1.73ms
[2020.02.23-15.25.56:956][454]Cmd: MAP CHECKDEP NOCLEARLOG
[2020.02.23-15.25.56:956][454]MapCheck: Map check complete: 0 Error(s), 0 Warning(s), took 0.07ms to complete.
[2020.02.23-15.25.56:956][454]LogFileHelpers: Loading map 'Test_Realm_Alberto' took 0.171
[2020.02.23-15.28.18:605][260]LogHttp: Warning: 000002B6808D2980: request failed, libcurl error: 6 (Couldn't resolve host name)
[2020.02.23-15.28.18:605][260]LogHttp: Warning: 000002B6808D2980: libcurl info message cache 0 (Connection 2 seems to be dead!)
[2020.02.23-15.28.18:605][260]LogHttp: Warning: 000002B6808D2980: libcurl info message cache 1 (Closing connection 2)
[2020.02.23-15.28.18:605][260]LogHttp: Warning: 000002B6808D2980: libcurl info message cache 2 (Could not resolve host: datarouter.ol.epicgames.com)
[2020.02.23-15.28.18:605][260]LogHttp: Warning: 000002B6808D2980: libcurl info message cache 3 (Closing connection 3)
[2020.02.23-15.28.18:605][260]LogHttp: Warning: Retry exhausted on https://datarouter.ol.epicgames.com/datarouter/api/v1/public/data?SessionID=%7B7DE9DBAA-4344-A0B7-A774-D1B619C263AE%7D&AppID=UEEditor.Rocket.Release&AppVersion=4.22.3-7053642%2B%2B%2BUE4%2BRelease-4.22&UserID=a14fcd0d4d6da05883b3bbbf21ad8a3c%7Ccd1301a7ca1040d096b32cdedd9baae1%7C85095c8c-8c62-4bea-90fc-4f83ba346c8e&AppEnvironment=datacollector-binary&UploadType=eteventstream
